/Library/Developer/CommandLineTools/Library/Frameworks/Python3.framework/Versions/3.9/lib/python3.9/runpy.py:127: RuntimeWarning: 'scripts.understand.video_understand' found in sys.modules after import of package 'scripts.understand', but prior to execution of 'scripts.understand.video_understand'; this may result in unpredictable behaviour
  warn(RuntimeWarning(msg))
/Users/weilingkeji/Library/Python/3.9/lib/python/site-packages/whisper/transcribe.py:132: UserWarning: FP16 is not supported on CPU; using FP32 instead
  warnings.warn("FP16 is not supported on CPU; using FP32 instead")
/Users/weilingkeji/Library/Python/3.9/lib/python/site-packages/whisper/transcribe.py:132: UserWarning: FP16 is not supported on CPU; using FP32 instead
  warnings.warn("FP16 is not supported on CPU; using FP32 instead")
/Users/weilingkeji/Library/Python/3.9/lib/python/site-packages/whisper/transcribe.py:132: UserWarning: FP16 is not supported on CPU; using FP32 instead
  warnings.warn("FP16 is not supported on CPU; using FP32 instead")
/Users/weilingkeji/Library/Python/3.9/lib/python/site-packages/whisper/transcribe.py:132: UserWarning: FP16 is not supported on CPU; using FP32 instead
  warnings.warn("FP16 is not supported on CPU; using FP32 instead")
/Users/weilingkeji/Library/Python/3.9/lib/python/site-packages/whisper/transcribe.py:132: UserWarning: FP16 is not supported on CPU; using FP32 instead
  warnings.warn("FP16 is not supported on CPU; using FP32 instead")
/Users/weilingkeji/Library/Python/3.9/lib/python/site-packages/whisper/transcribe.py:132: UserWarning: FP16 is not supported on CPU; using FP32 instead
  warnings.warn("FP16 is not supported on CPU; using FP32 instead")

==================================================
开始视频理解: 欺我年迈抢祖宅，和贫道仙法说吧
==================================================

[1/5] 理解技能文件...
技能框架加载完成

[2/5] 加载项目数据（自动检查并提取缺失数据）...
  ⚠️  第1集关键帧不存在，开始自动提取...
     提取参数: fps=1.0 (每秒1帧)
开始提取关键帧: 晓红姐-3.4剧目/欺我年迈抢祖宅，和贫道仙法说吧/1.mp4
参数: fps=1.0, quality=2
关键帧提取完成
提取了 151 帧
  ✅ 第1集关键帧提取完成 (151帧)
  ⚠️  第1集ASR不存在，开始自动转录...
     步骤1/2: 提取音频...
音频提取完成: /Users/weilingkeji/360安全云盘同步版/000-海外/01-jisi/002-HangzhouLeiming/hangzhou-leiming-AI-drama/data/hangzhou-leiming/cache/audio/欺我年迈抢祖宅，和贫道仙法说吧/1.wav
     步骤2/2: Whisper转录...
开始转录音频: /Users/weilingkeji/360安全云盘同步版/000-海外/01-jisi/002-HangzhouLeiming/hangzhou-leiming-AI-drama/data/hangzhou-leiming/cache/audio/欺我年迈抢祖宅，和贫道仙法说吧/1.wav
参数: model=tiny, language=zh
开始转录音频: /Users/weilingkeji/360安全云盘同步版/000-海外/01-jisi/002-HangzhouLeiming/hangzhou-leiming-AI-drama/data/hangzhou-leiming/cache/audio/欺我年迈抢祖宅，和贫道仙法说吧/1.wav
参数: model=tiny, language=zh
音频转录完成
加载了 59 个ASR片段
  ✅ 第1集ASR转录完成 (59片段)
  ⚠️  第10集关键帧不存在，开始自动提取...
     提取参数: fps=1.0 (每秒1帧)
开始提取关键帧: 晓红姐-3.4剧目/欺我年迈抢祖宅，和贫道仙法说吧/10.mp4
参数: fps=1.0, quality=2
关键帧提取完成
提取了 119 帧
  ✅ 第10集关键帧提取完成 (119帧)
  ⚠️  第10集ASR不存在，开始自动转录...
     步骤1/2: 提取音频...
音频提取完成: /Users/weilingkeji/360安全云盘同步版/000-海外/01-jisi/002-HangzhouLeiming/hangzhou-leiming-AI-drama/data/hangzhou-leiming/cache/audio/欺我年迈抢祖宅，和贫道仙法说吧/10.wav
     步骤2/2: Whisper转录...
开始转录音频: /Users/weilingkeji/360安全云盘同步版/000-海外/01-jisi/002-HangzhouLeiming/hangzhou-leiming-AI-drama/data/hangzhou-leiming/cache/audio/欺我年迈抢祖宅，和贫道仙法说吧/10.wav
参数: model=tiny, language=zh
开始转录音频: /Users/weilingkeji/360安全云盘同步版/000-海外/01-jisi/002-HangzhouLeiming/hangzhou-leiming-AI-drama/data/hangzhou-leiming/cache/audio/欺我年迈抢祖宅，和贫道仙法说吧/10.wav
参数: model=tiny, language=zh
音频转录完成
加载了 65 个ASR片段
  ✅ 第10集ASR转录完成 (65片段)
  ⚠️  第2集关键帧不存在，开始自动提取...
     提取参数: fps=1.0 (每秒1帧)
开始提取关键帧: 晓红姐-3.4剧目/欺我年迈抢祖宅，和贫道仙法说吧/2.mp4
参数: fps=1.0, quality=2
关键帧提取完成
提取了 194 帧
  ✅ 第2集关键帧提取完成 (194帧)
  ⚠️  第2集ASR不存在，开始自动转录...
     步骤1/2: 提取音频...
音频提取完成: /Users/weilingkeji/360安全云盘同步版/000-海外/01-jisi/002-HangzhouLeiming/hangzhou-leiming-AI-drama/data/hangzhou-leiming/cache/audio/欺我年迈抢祖宅，和贫道仙法说吧/2.wav
     步骤2/2: Whisper转录...
开始转录音频: /Users/weilingkeji/360安全云盘同步版/000-海外/01-jisi/002-HangzhouLeiming/hangzhou-leiming-AI-drama/data/hangzhou-leiming/cache/audio/欺我年迈抢祖宅，和贫道仙法说吧/2.wav
参数: model=tiny, language=zh
开始转录音频: /Users/weilingkeji/360安全云盘同步版/000-海外/01-jisi/002-HangzhouLeiming/hangzhou-leiming-AI-drama/data/hangzhou-leiming/cache/audio/欺我年迈抢祖宅，和贫道仙法说吧/2.wav
参数: model=tiny, language=zh
音频转录完成
加载了 73 个ASR片段
  ✅ 第2集ASR转录完成 (73片段)
  ⚠️  第3集关键帧不存在，开始自动提取...
     提取参数: fps=1.0 (每秒1帧)
开始提取关键帧: 晓红姐-3.4剧目/欺我年迈抢祖宅，和贫道仙法说吧/3.mp4
参数: fps=1.0, quality=2
关键帧提取完成
提取了 150 帧
  ✅ 第3集关键帧提取完成 (150帧)
  ⚠️  第3集ASR不存在，开始自动转录...
     步骤1/2: 提取音频...
音频提取完成: /Users/weilingkeji/360安全云盘同步版/000-海外/01-jisi/002-HangzhouLeiming/hangzhou-leiming-AI-drama/data/hangzhou-leiming/cache/audio/欺我年迈抢祖宅，和贫道仙法说吧/3.wav
     步骤2/2: Whisper转录...
开始转录音频: /Users/weilingkeji/360安全云盘同步版/000-海外/01-jisi/002-HangzhouLeiming/hangzhou-leiming-AI-drama/data/hangzhou-leiming/cache/audio/欺我年迈抢祖宅，和贫道仙法说吧/3.wav
参数: model=tiny, language=zh
开始转录音频: /Users/weilingkeji/360安全云盘同步版/000-海外/01-jisi/002-HangzhouLeiming/hangzhou-leiming-AI-drama/data/hangzhou-leiming/cache/audio/欺我年迈抢祖宅，和贫道仙法说吧/3.wav
参数: model=tiny, language=zh
音频转录完成
加载了 64 个ASR片段
  ✅ 第3集ASR转录完成 (64片段)
  ⚠️  第4集关键帧不存在，开始自动提取...
     提取参数: fps=1.0 (每秒1帧)
开始提取关键帧: 晓红姐-3.4剧目/欺我年迈抢祖宅，和贫道仙法说吧/4.mp4
参数: fps=1.0, quality=2
关键帧提取完成
提取了 117 帧
  ✅ 第4集关键帧提取完成 (117帧)
  ⚠️  第4集ASR不存在，开始自动转录...
     步骤1/2: 提取音频...
音频提取完成: /Users/weilingkeji/360安全云盘同步版/000-海外/01-jisi/002-HangzhouLeiming/hangzhou-leiming-AI-drama/data/hangzhou-leiming/cache/audio/欺我年迈抢祖宅，和贫道仙法说吧/4.wav
     步骤2/2: Whisper转录...
开始转录音频: /Users/weilingkeji/360安全云盘同步版/000-海外/01-jisi/002-HangzhouLeiming/hangzhou-leiming-AI-drama/data/hangzhou-leiming/cache/audio/欺我年迈抢祖宅，和贫道仙法说吧/4.wav
参数: model=tiny, language=zh
开始转录音频: /Users/weilingkeji/360安全云盘同步版/000-海外/01-jisi/002-HangzhouLeiming/hangzhou-leiming-AI-drama/data/hangzhou-leiming/cache/audio/欺我年迈抢祖宅，和贫道仙法说吧/4.wav
参数: model=tiny, language=zh
音频转录完成
加载了 65 个ASR片段
  ✅ 第4集ASR转录完成 (65片段)
  ⚠️  第5集关键帧不存在，开始自动提取...
     提取参数: fps=1.0 (每秒1帧)
开始提取关键帧: 晓红姐-3.4剧目/欺我年迈抢祖宅，和贫道仙法说吧/5.mp4
参数: fps=1.0, quality=2
关键帧提取完成
提取了 119 帧
  ✅ 第5集关键帧提取完成 (119帧)
  ⚠️  第5集ASR不存在，开始自动转录...
     步骤1/2: 提取音频...
音频提取完成: /Users/weilingkeji/360安全云盘同步版/000-海外/01-jisi/002-HangzhouLeiming/hangzhou-leiming-AI-drama/data/hangzhou-leiming/cache/audio/欺我年迈抢祖宅，和贫道仙法说吧/5.wav
     步骤2/2: Whisper转录...
开始转录音频: /Users/weilingkeji/360安全云盘同步版/000-海外/01-jisi/002-HangzhouLeiming/hangzhou-leiming-AI-drama/data/hangzhou-leiming/cache/audio/欺我年迈抢祖宅，和贫道仙法说吧/5.wav
参数: model=tiny, language=zh
开始转录音频: /Users/weilingkeji/360安全云盘同步版/000-海外/01-jisi/002-HangzhouLeiming/hangzhou-leiming-AI-drama/data/hangzhou-leiming/cache/audio/欺我年迈抢祖宅，和贫道仙法说吧/5.wav
参数: model=tiny, language=zh
音频转录完成
加载了 64 个ASR片段
  ✅ 第5集ASR转录完成 (64片段)
  ⚠️  第6集关键帧不存在，开始自动提取...
     提取参数: fps=1.0 (每秒1帧)
开始提取关键帧: 晓红姐-3.4剧目/欺我年迈抢祖宅，和贫道仙法说吧/6.mp4
参数: fps=1.0, quality=2
关键帧提取完成
提取了 176 帧
  ✅ 第6集关键帧提取完成 (176帧)
  ⚠️  第6集ASR不存在，开始自动转录...
     步骤1/2: 提取音频...
/Users/weilingkeji/Library/Python/3.9/lib/python/site-packages/whisper/transcribe.py:132: UserWarning: FP16 is not supported on CPU; using FP32 instead
  warnings.warn("FP16 is not supported on CPU; using FP32 instead")
/Users/weilingkeji/Library/Python/3.9/lib/python/site-packages/whisper/transcribe.py:132: UserWarning: FP16 is not supported on CPU; using FP32 instead
  warnings.warn("FP16 is not supported on CPU; using FP32 instead")
/Users/weilingkeji/Library/Python/3.9/lib/python/site-packages/whisper/transcribe.py:132: UserWarning: FP16 is not supported on CPU; using FP32 instead
  warnings.warn("FP16 is not supported on CPU; using FP32 instead")
/Users/weilingkeji/Library/Python/3.9/lib/python/site-packages/whisper/transcribe.py:132: UserWarning: FP16 is not supported on CPU; using FP32 instead
  warnings.warn("FP16 is not supported on CPU; using FP32 instead")
音频提取完成: /Users/weilingkeji/360安全云盘同步版/000-海外/01-jisi/002-HangzhouLeiming/hangzhou-leiming-AI-drama/data/hangzhou-leiming/cache/audio/欺我年迈抢祖宅，和贫道仙法说吧/6.wav
     步骤2/2: Whisper转录...
开始转录音频: /Users/weilingkeji/360安全云盘同步版/000-海外/01-jisi/002-HangzhouLeiming/hangzhou-leiming-AI-drama/data/hangzhou-leiming/cache/audio/欺我年迈抢祖宅，和贫道仙法说吧/6.wav
参数: model=tiny, language=zh
开始转录音频: /Users/weilingkeji/360安全云盘同步版/000-海外/01-jisi/002-HangzhouLeiming/hangzhou-leiming-AI-drama/data/hangzhou-leiming/cache/audio/欺我年迈抢祖宅，和贫道仙法说吧/6.wav
参数: model=tiny, language=zh
音频转录完成
加载了 92 个ASR片段
  ✅ 第6集ASR转录完成 (92片段)
  ⚠️  第7集关键帧不存在，开始自动提取...
     提取参数: fps=1.0 (每秒1帧)
开始提取关键帧: 晓红姐-3.4剧目/欺我年迈抢祖宅，和贫道仙法说吧/7.mp4
参数: fps=1.0, quality=2
关键帧提取完成
提取了 109 帧
  ✅ 第7集关键帧提取完成 (109帧)
  ⚠️  第7集ASR不存在，开始自动转录...
     步骤1/2: 提取音频...
音频提取完成: /Users/weilingkeji/360安全云盘同步版/000-海外/01-jisi/002-HangzhouLeiming/hangzhou-leiming-AI-drama/data/hangzhou-leiming/cache/audio/欺我年迈抢祖宅，和贫道仙法说吧/7.wav
     步骤2/2: Whisper转录...
开始转录音频: /Users/weilingkeji/360安全云盘同步版/000-海外/01-jisi/002-HangzhouLeiming/hangzhou-leiming-AI-drama/data/hangzhou-leiming/cache/audio/欺我年迈抢祖宅，和贫道仙法说吧/7.wav
参数: model=tiny, language=zh
开始转录音频: /Users/weilingkeji/360安全云盘同步版/000-海外/01-jisi/002-HangzhouLeiming/hangzhou-leiming-AI-drama/data/hangzhou-leiming/cache/audio/欺我年迈抢祖宅，和贫道仙法说吧/7.wav
参数: model=tiny, language=zh
音频转录完成
加载了 46 个ASR片段
  ✅ 第7集ASR转录完成 (46片段)
  ⚠️  第8集关键帧不存在，开始自动提取...
     提取参数: fps=1.0 (每秒1帧)
开始提取关键帧: 晓红姐-3.4剧目/欺我年迈抢祖宅，和贫道仙法说吧/8.mp4
参数: fps=1.0, quality=2
关键帧提取完成
提取了 133 帧
  ✅ 第8集关键帧提取完成 (133帧)
  ⚠️  第8集ASR不存在，开始自动转录...
     步骤1/2: 提取音频...
音频提取完成: /Users/weilingkeji/360安全云盘同步版/000-海外/01-jisi/002-HangzhouLeiming/hangzhou-leiming-AI-drama/data/hangzhou-leiming/cache/audio/欺我年迈抢祖宅，和贫道仙法说吧/8.wav
     步骤2/2: Whisper转录...
开始转录音频: /Users/weilingkeji/360安全云盘同步版/000-海外/01-jisi/002-HangzhouLeiming/hangzhou-leiming-AI-drama/data/hangzhou-leiming/cache/audio/欺我年迈抢祖宅，和贫道仙法说吧/8.wav
参数: model=tiny, language=zh
开始转录音频: /Users/weilingkeji/360安全云盘同步版/000-海外/01-jisi/002-HangzhouLeiming/hangzhou-leiming-AI-drama/data/hangzhou-leiming/cache/audio/欺我年迈抢祖宅，和贫道仙法说吧/8.wav
参数: model=tiny, language=zh
音频转录完成
加载了 51 个ASR片段
  ✅ 第8集ASR转录完成 (51片段)
  ⚠️  第9集关键帧不存在，开始自动提取...
     提取参数: fps=1.0 (每秒1帧)
开始提取关键帧: 晓红姐-3.4剧目/欺我年迈抢祖宅，和贫道仙法说吧/9.mp4
参数: fps=1.0, quality=2
关键帧提取完成
提取了 139 帧
  ✅ 第9集关键帧提取完成 (139帧)
  ⚠️  第9集ASR不存在，开始自动转录...
     步骤1/2: 提取音频...
音频提取完成: /Users/weilingkeji/360安全云盘同步版/000-海外/01-jisi/002-HangzhouLeiming/hangzhou-leiming-AI-drama/data/hangzhou-leiming/cache/audio/欺我年迈抢祖宅，和贫道仙法说吧/9.wav
     步骤2/2: Whisper转录...
开始转录音频: /Users/weilingkeji/360安全云盘同步版/000-海外/01-jisi/002-HangzhouLeiming/hangzhou-leiming-AI-drama/data/hangzhou-leiming/cache/audio/欺我年迈抢祖宅，和贫道仙法说吧/9.wav
参数: model=tiny, language=zh
开始转录音频: /Users/weilingkeji/360安全云盘同步版/000-海外/01-jisi/002-HangzhouLeiming/hangzhou-leiming-AI-drama/data/hangzhou-leiming/cache/audio/欺我年迈抢祖宅，和贫道仙法说吧/9.wav
参数: model=tiny, language=zh
音频转录完成
加载了 51 个ASR片段
  ✅ 第9集ASR转录完成 (51片段)

数据加载完成: 10集, 1407关键帧, 630ASR片段

[3/5] 提取分析片段...
第1集: 生成了7个片段
第2集: 生成了9个片段
第3集: 生成了7个片段
第4集: 生成了6个片段
第5集: 生成了6个片段
第6集: 生成了8个片段
第7集: 生成了5个片段
第8集: 生成了6个片段
第9集: 生成了6个片段
第10集: 生成了6个片段
生成了 66 个分析片段

[4/5] 逐段分析（可能需要几分钟）...
[1/66] 50-80秒: 无
[2/66] 25-55秒: 无
[3/66] 0-30秒: 无
[4/66] 100-130秒: 无
[5/66] 75-105秒: 无
[6/66] 125-155秒: 无
[7/66] 150-160秒: 无
[8/66] 0-30秒: 无
[9/66] 25-55秒: 无
[10/66] 75-105秒: 无
[11/66] 100-130秒: 无
[12/66] 50-80秒: 钩子:关键信息被截断
[13/66] 175-203秒: 无
[14/66] 200-203秒: 无
[15/66] 0-30秒: 无
[16/66] 25-55秒: 无
[17/66] 50-80秒: 无
[18/66] 75-105秒: 无
[19/66] 100-130秒: 钩子:关键信息被截断
[20/66] 125-155秒: 钩子:关键信息被截断
[21/66] 150-159秒: 无
分析片段 125-155秒失败，5秒后重试...
[22/66] 0-30秒: 无
分析片段 150-180秒失败，5秒后重试...
[23/66] 25-55秒: 无
[24/66] 125-155秒: 无
[25/66] 150-180秒: 无
[26/66] 50-80秒: 无
[27/66] 75-105秒: 无
[28/66] 125-126秒: 无
[29/66] 100-126秒: 无
[30/66] 0-30秒: 无
[31/66] 25-55秒: 无
[32/66] 50-80秒: 无
[33/66] 125-128秒: 无
[34/66] 75-105秒: 无
[35/66] 100-128秒: 钩子:关键信息被截断
分析片段 0-30秒失败，5秒后重试...
分析片段 25-55秒失败，5秒后重试...
分析片段 50-80秒失败，5秒后重试...
[36/66] 0-30秒: 无
[37/66] 25-55秒: 无
[38/66] 75-105秒: 无
[39/66] 50-80秒: 无
[40/66] 100-130秒: 无
[41/66] 125-155秒: 无
[42/66] 150-180秒: 钩子:关键信息被截断
[43/66] 175-185秒: 无
[44/66] 25-55秒: 无
[45/66] 0-30秒: 无
[46/66] 50-80秒: 无
[47/66] 75-105秒: 无
[48/66] 0-30秒: 无
[49/66] 25-55秒: 钩子:关键信息被截断
[50/66] 75-105秒: 无
[51/66] 50-80秒: 无
[52/66] 125-142秒: 无
[53/66] 100-130秒: 无
[54/66] 0-30秒: 无
[55/66] 25-55秒: 无
[56/66] 50-80秒: 无
[57/66] 75-105秒: 无
[58/66] 125-148秒: 钩子:关键信息被截断
[59/66] 100-130秒: 无
[60/66] 25-55秒: 无
[61/66] 0-30秒: 无
[62/66] 50-80秒: 无
[63/66] 75-105秒: 无
[64/66] 125-128秒: 无
[65/66] 100-128秒: 无
分析片段 100-118秒失败，5秒后重试...
[66/66] 100-118秒: 钩子:关键信息被截断
识别到 0 个高光点, 8 个钩子点

[5/5] 质量筛选...
================================================================================
开始质量筛选流程
================================================================================

[步骤1/5] 置信度筛选

置信度筛选(7.0): 66 → 8

[步骤2/5] 去重
总体去重(10秒): 移除0个标记

[步骤3/5] 类型多样性限制
  [类型限制] 第3集钩子点'关键信息被截断': 2个→1个

类型多样性限制(每集同类型最多1个): 移除1个标记

[步骤4/5] 动态数量限制(按时长比例)

动态数量限制(每分钟1高光+6钩子): 移除0个标记

[步骤5/5] 添加第1集开篇高光点
已添加第1集开篇高光点(0秒)

================================================================================
质量筛选完成: 66 → 8 (保留率: 12.1%)
================================================================================

筛选后: 1 个高光点, 7 个钩子点

[5.5/6] 添加固定的开篇高光点...
  第1集已有开篇高光点,跳过

生成剪辑组合...
已收集 630 个ASR片段，用于时间戳精度优化
原始高光点: 1, 钩子点: 7

[时间戳优化] 启用ASR辅助的毫秒级精度优化...

================================================================================
开始ASR辅助时间戳优化（毫秒级精度）
================================================================================
缓冲时间: 100.0ms
ASR片段数: 630

优化 7 个钩子点...
  🔧 钩子点优化: 72.0秒 → 73.100秒（+100.0ms缓冲，ASR: '在这里...'）
  🔧 钩子点优化: 148.0秒 → 148.100秒（+100.0ms缓冲，ASR: '阿称...'）
  🔧 钩子点优化: 125.0秒 → 125.100秒（+100.0ms缓冲，ASR: '距离下一次突破...'）
  🔧 钩子点优化: 156.0秒 → 178.380秒（+100.0ms缓冲，ASR: '这里是惊非的...'）
  🔧 钩子点优化: 117.0秒 → 117.100秒（+100.0ms缓冲，ASR: '你不是说要看得开吗...'）
  🔧 钩子点优化: 42.0秒 → 44.100秒（+100.0ms缓冲，ASR: '要在这里见理由全局...'）
  🔧 钩子点优化: 148.0秒 → 148.100秒（+100.0ms缓冲，ASR: '阿称...'）

优化 1 个高光点...
  🔧 高光点优化: 0秒 → 0.000秒（-100.0ms缓冲，ASR: '你说我才这个事儿...'）

================================================================================
时间戳优化完成！
================================================================================
去重后高光点: 1, 钩子点: 7

开始生成剪辑组合（笛卡尔积: 1 × 7 = 7种组合）...
  [1] 第1集0.0s → 第2集73.1s = 233.1s (跨集) [开篇高光-关键信息被截断]
  [2] 第1集0.0s → 第3集148.1s = 511.1s (跨集) [开篇高光-关键信息被截断]

✅ 共生成 2 个有效剪辑组合（共检查7种组合，有效率28.6%）

保存结果...

结果已保存: data/hangzhou-leiming/analysis/欺我年迈抢祖宅，和贫道仙法说吧/result.json
高光点: 1
钩子点: 7
剪辑组合: 2
