/Library/Developer/CommandLineTools/Library/Frameworks/Python3.framework/Versions/3.9/lib/python3.9/runpy.py:127: RuntimeWarning: 'scripts.understand.video_understand' found in sys.modules after import of package 'scripts.understand', but prior to execution of 'scripts.understand.video_understand'; this may result in unpredictable behaviour
  warn(RuntimeWarning(msg))
/Users/weilingkeji/Library/Python/3.9/lib/python/site-packages/whisper/transcribe.py:132: UserWarning: FP16 is not supported on CPU; using FP32 instead
  warnings.warn("FP16 is not supported on CPU; using FP32 instead")
/Users/weilingkeji/Library/Python/3.9/lib/python/site-packages/whisper/transcribe.py:132: UserWarning: FP16 is not supported on CPU; using FP32 instead
  warnings.warn("FP16 is not supported on CPU; using FP32 instead")
/Users/weilingkeji/Library/Python/3.9/lib/python/site-packages/whisper/transcribe.py:132: UserWarning: FP16 is not supported on CPU; using FP32 instead
  warnings.warn("FP16 is not supported on CPU; using FP32 instead")
/Users/weilingkeji/Library/Python/3.9/lib/python/site-packages/whisper/transcribe.py:132: UserWarning: FP16 is not supported on CPU; using FP32 instead
  warnings.warn("FP16 is not supported on CPU; using FP32 instead")
/Users/weilingkeji/Library/Python/3.9/lib/python/site-packages/whisper/transcribe.py:132: UserWarning: FP16 is not supported on CPU; using FP32 instead
  warnings.warn("FP16 is not supported on CPU; using FP32 instead")
/Users/weilingkeji/Library/Python/3.9/lib/python/site-packages/whisper/transcribe.py:132: UserWarning: FP16 is not supported on CPU; using FP32 instead
  warnings.warn("FP16 is not supported on CPU; using FP32 instead")
/Users/weilingkeji/Library/Python/3.9/lib/python/site-packages/whisper/transcribe.py:132: UserWarning: FP16 is not supported on CPU; using FP32 instead
  warnings.warn("FP16 is not supported on CPU; using FP32 instead")

==================================================
开始视频理解: 飒爽女友不好惹
==================================================

[1/5] 理解技能文件...
技能框架加载完成

[2/5] 加载项目数据（自动检查并提取缺失数据）...
  ⚠️  第1集关键帧不存在，开始自动提取...
     提取参数: fps=1.0 (每秒1帧)
开始提取关键帧: 晓红姐-3.4剧目/飒爽女友不好惹/1.mp4
参数: fps=1.0, quality=2
关键帧提取完成
提取了 127 帧
  ✅ 第1集关键帧提取完成 (127帧)
  ⚠️  第1集ASR不存在，开始自动转录...
     步骤1/2: 提取音频...
音频提取完成: /Users/weilingkeji/360安全云盘同步版/000-海外/01-jisi/002-HangzhouLeiming/hangzhou-leiming-AI-drama/data/hangzhou-leiming/cache/audio/飒爽女友不好惹/1.wav
     步骤2/2: Whisper转录...
开始转录音频: /Users/weilingkeji/360安全云盘同步版/000-海外/01-jisi/002-HangzhouLeiming/hangzhou-leiming-AI-drama/data/hangzhou-leiming/cache/audio/飒爽女友不好惹/1.wav
参数: model=tiny, language=zh
开始转录音频: /Users/weilingkeji/360安全云盘同步版/000-海外/01-jisi/002-HangzhouLeiming/hangzhou-leiming-AI-drama/data/hangzhou-leiming/cache/audio/飒爽女友不好惹/1.wav
参数: model=tiny, language=zh
音频转录完成
加载了 29 个ASR片段
  ✅ 第1集ASR转录完成 (29片段)
  ⚠️  第10集关键帧不存在，开始自动提取...
     提取参数: fps=1.0 (每秒1帧)
开始提取关键帧: 晓红姐-3.4剧目/飒爽女友不好惹/10.mp4
参数: fps=1.0, quality=2
关键帧提取完成
提取了 147 帧
  ✅ 第10集关键帧提取完成 (147帧)
  ⚠️  第10集ASR不存在，开始自动转录...
     步骤1/2: 提取音频...
音频提取完成: /Users/weilingkeji/360安全云盘同步版/000-海外/01-jisi/002-HangzhouLeiming/hangzhou-leiming-AI-drama/data/hangzhou-leiming/cache/audio/飒爽女友不好惹/10.wav
     步骤2/2: Whisper转录...
开始转录音频: /Users/weilingkeji/360安全云盘同步版/000-海外/01-jisi/002-HangzhouLeiming/hangzhou-leiming-AI-drama/data/hangzhou-leiming/cache/audio/飒爽女友不好惹/10.wav
参数: model=tiny, language=zh
开始转录音频: /Users/weilingkeji/360安全云盘同步版/000-海外/01-jisi/002-HangzhouLeiming/hangzhou-leiming-AI-drama/data/hangzhou-leiming/cache/audio/飒爽女友不好惹/10.wav
参数: model=tiny, language=zh
音频转录完成
加载了 61 个ASR片段
  ✅ 第10集ASR转录完成 (61片段)
  ⚠️  第2集关键帧不存在，开始自动提取...
     提取参数: fps=1.0 (每秒1帧)
开始提取关键帧: 晓红姐-3.4剧目/飒爽女友不好惹/2.mp4
参数: fps=1.0, quality=2
关键帧提取完成
提取了 118 帧
  ✅ 第2集关键帧提取完成 (118帧)
  ⚠️  第2集ASR不存在，开始自动转录...
     步骤1/2: 提取音频...
音频提取完成: /Users/weilingkeji/360安全云盘同步版/000-海外/01-jisi/002-HangzhouLeiming/hangzhou-leiming-AI-drama/data/hangzhou-leiming/cache/audio/飒爽女友不好惹/2.wav
     步骤2/2: Whisper转录...
开始转录音频: /Users/weilingkeji/360安全云盘同步版/000-海外/01-jisi/002-HangzhouLeiming/hangzhou-leiming-AI-drama/data/hangzhou-leiming/cache/audio/飒爽女友不好惹/2.wav
参数: model=tiny, language=zh
开始转录音频: /Users/weilingkeji/360安全云盘同步版/000-海外/01-jisi/002-HangzhouLeiming/hangzhou-leiming-AI-drama/data/hangzhou-leiming/cache/audio/飒爽女友不好惹/2.wav
参数: model=tiny, language=zh
音频转录完成
加载了 42 个ASR片段
  ✅ 第2集ASR转录完成 (42片段)
  ⚠️  第3集关键帧不存在，开始自动提取...
     提取参数: fps=1.0 (每秒1帧)
开始提取关键帧: 晓红姐-3.4剧目/飒爽女友不好惹/3.mp4
参数: fps=1.0, quality=2
关键帧提取完成
提取了 142 帧
  ✅ 第3集关键帧提取完成 (142帧)
  ⚠️  第3集ASR不存在，开始自动转录...
     步骤1/2: 提取音频...
音频提取完成: /Users/weilingkeji/360安全云盘同步版/000-海外/01-jisi/002-HangzhouLeiming/hangzhou-leiming-AI-drama/data/hangzhou-leiming/cache/audio/飒爽女友不好惹/3.wav
     步骤2/2: Whisper转录...
开始转录音频: /Users/weilingkeji/360安全云盘同步版/000-海外/01-jisi/002-HangzhouLeiming/hangzhou-leiming-AI-drama/data/hangzhou-leiming/cache/audio/飒爽女友不好惹/3.wav
参数: model=tiny, language=zh
开始转录音频: /Users/weilingkeji/360安全云盘同步版/000-海外/01-jisi/002-HangzhouLeiming/hangzhou-leiming-AI-drama/data/hangzhou-leiming/cache/audio/飒爽女友不好惹/3.wav
参数: model=tiny, language=zh
音频转录完成
加载了 62 个ASR片段
  ✅ 第3集ASR转录完成 (62片段)
  ⚠️  第4集关键帧不存在，开始自动提取...
     提取参数: fps=1.0 (每秒1帧)
开始提取关键帧: 晓红姐-3.4剧目/飒爽女友不好惹/4.mp4
参数: fps=1.0, quality=2
关键帧提取完成
提取了 200 帧
  ✅ 第4集关键帧提取完成 (200帧)
  ⚠️  第4集ASR不存在，开始自动转录...
     步骤1/2: 提取音频...
音频提取完成: /Users/weilingkeji/360安全云盘同步版/000-海外/01-jisi/002-HangzhouLeiming/hangzhou-leiming-AI-drama/data/hangzhou-leiming/cache/audio/飒爽女友不好惹/4.wav
     步骤2/2: Whisper转录...
开始转录音频: /Users/weilingkeji/360安全云盘同步版/000-海外/01-jisi/002-HangzhouLeiming/hangzhou-leiming-AI-drama/data/hangzhou-leiming/cache/audio/飒爽女友不好惹/4.wav
参数: model=tiny, language=zh
开始转录音频: /Users/weilingkeji/360安全云盘同步版/000-海外/01-jisi/002-HangzhouLeiming/hangzhou-leiming-AI-drama/data/hangzhou-leiming/cache/audio/飒爽女友不好惹/4.wav
参数: model=tiny, language=zh
音频转录完成
加载了 98 个ASR片段
  ✅ 第4集ASR转录完成 (98片段)
  ⚠️  第5集关键帧不存在，开始自动提取...
     提取参数: fps=1.0 (每秒1帧)
开始提取关键帧: 晓红姐-3.4剧目/飒爽女友不好惹/5.mp4
参数: fps=1.0, quality=2
关键帧提取完成
提取了 62 帧
  ✅ 第5集关键帧提取完成 (62帧)
  ⚠️  第5集ASR不存在，开始自动转录...
     步骤1/2: 提取音频...
音频提取完成: /Users/weilingkeji/360安全云盘同步版/000-海外/01-jisi/002-HangzhouLeiming/hangzhou-leiming-AI-drama/data/hangzhou-leiming/cache/audio/飒爽女友不好惹/5.wav
     步骤2/2: Whisper转录...
开始转录音频: /Users/weilingkeji/360安全云盘同步版/000-海外/01-jisi/002-HangzhouLeiming/hangzhou-leiming-AI-drama/data/hangzhou-leiming/cache/audio/飒爽女友不好惹/5.wav
参数: model=tiny, language=zh
开始转录音频: /Users/weilingkeji/360安全云盘同步版/000-海外/01-jisi/002-HangzhouLeiming/hangzhou-leiming-AI-drama/data/hangzhou-leiming/cache/audio/飒爽女友不好惹/5.wav
参数: model=tiny, language=zh
音频转录完成
加载了 35 个ASR片段
  ✅ 第5集ASR转录完成 (35片段)
  ⚠️  第6集关键帧不存在，开始自动提取...
     提取参数: fps=1.0 (每秒1帧)
开始提取关键帧: 晓红姐-3.4剧目/飒爽女友不好惹/6.mp4
参数: fps=1.0, quality=2
关键帧提取完成
提取了 105 帧
  ✅ 第6集关键帧提取完成 (105帧)
  ⚠️  第6集ASR不存在，开始自动转录...
     步骤1/2: 提取音频...
音频提取完成: /Users/weilingkeji/360安全云盘同步版/000-海外/01-jisi/002-HangzhouLeiming/hangzhou-leiming-AI-drama/data/hangzhou-leiming/cache/audio/飒爽女友不好惹/6.wav
     步骤2/2: Whisper转录...
开始转录音频: /Users/weilingkeji/360安全云盘同步版/000-海外/01-jisi/002-HangzhouLeiming/hangzhou-leiming-AI-drama/data/hangzhou-leiming/cache/audio/飒爽女友不好惹/6.wav
参数: model=tiny, language=zh
开始转录音频: /Users/weilingkeji/360安全云盘同步版/000-海外/01-jisi/002-HangzhouLeiming/hangzhou-leiming-AI-drama/data/hangzhou-leiming/cache/audio/飒爽女友不好惹/6.wav
参数: model=tiny, language=zh
音频转录完成
加载了 54 个ASR片段
  ✅ 第6集ASR转录完成 (54片段)
/Users/weilingkeji/Library/Python/3.9/lib/python/site-packages/whisper/transcribe.py:132: UserWarning: FP16 is not supported on CPU; using FP32 instead
  warnings.warn("FP16 is not supported on CPU; using FP32 instead")
/Users/weilingkeji/Library/Python/3.9/lib/python/site-packages/whisper/transcribe.py:132: UserWarning: FP16 is not supported on CPU; using FP32 instead
  warnings.warn("FP16 is not supported on CPU; using FP32 instead")
/Users/weilingkeji/Library/Python/3.9/lib/python/site-packages/whisper/transcribe.py:132: UserWarning: FP16 is not supported on CPU; using FP32 instead
  warnings.warn("FP16 is not supported on CPU; using FP32 instead")
  ⚠️  第7集关键帧不存在，开始自动提取...
     提取参数: fps=1.0 (每秒1帧)
开始提取关键帧: 晓红姐-3.4剧目/飒爽女友不好惹/7.mp4
参数: fps=1.0, quality=2
关键帧提取完成
提取了 119 帧
  ✅ 第7集关键帧提取完成 (119帧)
  ⚠️  第7集ASR不存在，开始自动转录...
     步骤1/2: 提取音频...
音频提取完成: /Users/weilingkeji/360安全云盘同步版/000-海外/01-jisi/002-HangzhouLeiming/hangzhou-leiming-AI-drama/data/hangzhou-leiming/cache/audio/飒爽女友不好惹/7.wav
     步骤2/2: Whisper转录...
开始转录音频: /Users/weilingkeji/360安全云盘同步版/000-海外/01-jisi/002-HangzhouLeiming/hangzhou-leiming-AI-drama/data/hangzhou-leiming/cache/audio/飒爽女友不好惹/7.wav
参数: model=tiny, language=zh
开始转录音频: /Users/weilingkeji/360安全云盘同步版/000-海外/01-jisi/002-HangzhouLeiming/hangzhou-leiming-AI-drama/data/hangzhou-leiming/cache/audio/飒爽女友不好惹/7.wav
参数: model=tiny, language=zh
音频转录完成
加载了 52 个ASR片段
  ✅ 第7集ASR转录完成 (52片段)
  ⚠️  第8集关键帧不存在，开始自动提取...
     提取参数: fps=1.0 (每秒1帧)
开始提取关键帧: 晓红姐-3.4剧目/飒爽女友不好惹/8.mp4
参数: fps=1.0, quality=2
关键帧提取完成
提取了 183 帧
  ✅ 第8集关键帧提取完成 (183帧)
  ⚠️  第8集ASR不存在，开始自动转录...
     步骤1/2: 提取音频...
音频提取完成: /Users/weilingkeji/360安全云盘同步版/000-海外/01-jisi/002-HangzhouLeiming/hangzhou-leiming-AI-drama/data/hangzhou-leiming/cache/audio/飒爽女友不好惹/8.wav
     步骤2/2: Whisper转录...
开始转录音频: /Users/weilingkeji/360安全云盘同步版/000-海外/01-jisi/002-HangzhouLeiming/hangzhou-leiming-AI-drama/data/hangzhou-leiming/cache/audio/飒爽女友不好惹/8.wav
参数: model=tiny, language=zh
开始转录音频: /Users/weilingkeji/360安全云盘同步版/000-海外/01-jisi/002-HangzhouLeiming/hangzhou-leiming-AI-drama/data/hangzhou-leiming/cache/audio/飒爽女友不好惹/8.wav
参数: model=tiny, language=zh
音频转录完成
加载了 71 个ASR片段
  ✅ 第8集ASR转录完成 (71片段)
  ⚠️  第9集关键帧不存在，开始自动提取...
     提取参数: fps=1.0 (每秒1帧)
开始提取关键帧: 晓红姐-3.4剧目/飒爽女友不好惹/9.mp4
参数: fps=1.0, quality=2
关键帧提取完成
提取了 86 帧
  ✅ 第9集关键帧提取完成 (86帧)
  ⚠️  第9集ASR不存在，开始自动转录...
     步骤1/2: 提取音频...
音频提取完成: /Users/weilingkeji/360安全云盘同步版/000-海外/01-jisi/002-HangzhouLeiming/hangzhou-leiming-AI-drama/data/hangzhou-leiming/cache/audio/飒爽女友不好惹/9.wav
     步骤2/2: Whisper转录...
开始转录音频: /Users/weilingkeji/360安全云盘同步版/000-海外/01-jisi/002-HangzhouLeiming/hangzhou-leiming-AI-drama/data/hangzhou-leiming/cache/audio/飒爽女友不好惹/9.wav
参数: model=tiny, language=zh
开始转录音频: /Users/weilingkeji/360安全云盘同步版/000-海外/01-jisi/002-HangzhouLeiming/hangzhou-leiming-AI-drama/data/hangzhou-leiming/cache/audio/飒爽女友不好惹/9.wav
参数: model=tiny, language=zh
音频转录完成
加载了 44 个ASR片段
  ✅ 第9集ASR转录完成 (44片段)

数据加载完成: 10集, 1289关键帧, 548ASR片段

[3/5] 提取分析片段...
第1集: 生成了6个片段
第2集: 生成了6个片段
第3集: 生成了7个片段
第4集: 生成了9个片段
第5集: 生成了3个片段
第6集: 生成了5个片段
第7集: 生成了6个片段
第8集: 生成了8个片段
第9集: 生成了4个片段
第10集: 生成了7个片段
生成了 61 个分析片段

[4/5] 逐段分析（可能需要几分钟）...
[1/61] 50-80秒: 无
[2/61] 0-30秒: 无
[3/61] 25-55秒: 无
[4/61] 125-136秒: 无
[5/61] 75-105秒: 无
[6/61] 100-130秒: 无
[7/61] 0-30秒: 无
[8/61] 25-55秒: 无
[9/61] 50-80秒: 无
[10/61] 75-105秒: 无
[11/61] 125-127秒: 无
[12/61] 100-127秒: 无
[13/61] 0-30秒: 无
[14/61] 50-80秒: 无
[15/61] 25-55秒: 无
[16/61] 75-105秒: 无
[17/61] 100-130秒: 无
[18/61] 150-151秒: 无
[19/61] 125-151秒: 无
[20/61] 0-30秒: 无
[21/61] 50-80秒: 无
[22/61] 75-105秒: 无
[23/61] 25-55秒: 无
[24/61] 100-130秒: 钩子:关键信息被截断
[25/61] 125-155秒: 无
[26/61] 150-180秒: 无
[27/61] 175-205秒: 无
[28/61] 200-209秒: 无
[29/61] 0-30秒: 无
[30/61] 50-71秒: 无
[31/61] 25-55秒: 钩子:情感爆发顶点
[32/61] 0-30秒: 无
[33/61] 25-55秒: 钩子:关键信息被截断
[34/61] 75-105秒: 钩子:情感爆发顶点
[35/61] 50-80秒: 钩子:关键信息被截断
[36/61] 100-114秒: 无
[37/61] 0-30秒: 无
[38/61] 25-55秒: 钩子:关键信息被截断
[39/61] 50-80秒: 无
[40/61] 125-128秒: 无
[41/61] 100-128秒: 无
[42/61] 0-30秒: 钩子:关键信息被截断
[43/61] 25-55秒: 钩子:关键信息被截断
[44/61] 75-105秒: 无
[45/61] 75-105秒: 钩子:关键信息被截断
[46/61] 50-80秒: 钩子:情感爆发顶点
[47/61] 100-130秒: 无
[48/61] 125-155秒: 无
[49/61] 175-192秒: 无
[50/61] 150-180秒: 无
[51/61] 0-30秒: 无
[52/61] 25-55秒: 无
[53/61] 50-80秒: 钩子:关键信息被截断
[54/61] 0-30秒: 无
[55/61] 75-95秒: 无
[56/61] 25-55秒: 无
[57/61] 50-80秒: 无
[58/61] 100-130秒: 无
[59/61] 75-105秒: 钩子:关键信息被截断
[60/61] 150-156秒: 无
[61/61] 125-155秒: 钩子:关键信息被截断
识别到 0 个高光点, 13 个钩子点

[5/5] 质量筛选...
================================================================================
开始质量筛选流程
================================================================================

[步骤1/5] 置信度筛选

置信度筛选(7.0): 61 → 13

[步骤2/5] 去重
  [去重] 第8集 78.0秒 (置信度8.0) 与 第8集 78.0秒 (置信度8.0) 过近，移除
第8集: 0高光+4钩子 → 0高光+3钩子 (移除1个)
总体去重(10秒): 移除1个标记

[步骤3/5] 类型多样性限制
  [类型限制] 第6集钩子点'关键信息被截断': 2个→1个
  [类型限制] 第8集钩子点'关键信息被截断': 3个→1个
  [类型限制] 第10集钩子点'关键信息被截断': 2个→1个

类型多样性限制(每集同类型最多1个): 移除4个标记

[步骤4/5] 动态数量限制(按时长比例)

动态数量限制(每分钟1高光+6钩子): 移除0个标记

[步骤5/5] 添加第1集开篇高光点
已添加第1集开篇高光点(0秒)

================================================================================
质量筛选完成: 61 → 9 (保留率: 14.8%)
================================================================================

筛选后: 1 个高光点, 8 个钩子点

[5.5/6] 添加固定的开篇高光点...
  第1集已有开篇高光点,跳过

生成剪辑组合...
已收集 548 个ASR片段，用于时间戳精度优化
原始高光点: 1, 钩子点: 8

[时间戳优化] 启用ASR辅助的毫秒级精度优化...

================================================================================
开始ASR辅助时间戳优化（毫秒级精度）
================================================================================
缓冲时间: 100.0ms
ASR片段数: 548

优化 8 个钩子点...
  🔧 钩子点优化: 121.0秒 → 122.100秒（+100.0ms缓冲，ASR: '出去...'）
  🔧 钩子点优化: 49.0秒 → 49.100秒（+100.0ms缓冲，ASR: '被人出买...'）
  🔧 钩子点优化: 53.0秒 → 54.100秒（+100.0ms缓冲，ASR: '天父去得死了...'）
  🔧 钩子点优化: 99.0秒 → 112.100秒（+100.0ms缓冲，ASR: '起来...'）
  🔧 钩子点优化: 44.0秒 → 46.100秒（+100.0ms缓冲，ASR: '我不想像我父亲...'）
  🔧 钩子点优化: 24.0秒 → 29.100秒（+100.0ms缓冲，ASR: '人家吃多正经事...'）
  🔧 钩子点优化: 79.0秒 → 81.100秒（+100.0ms缓冲，ASR: '请...'）
  🔧 钩子点优化: 149.0秒 → 149.780秒（+100.0ms缓冲，ASR: '下雨王...'）

优化 1 个高光点...
  🔧 高光点优化: 0秒 → 0.000秒（-100.0ms缓冲，ASR: '阿姨 婚离马上开始了...'）

================================================================================
时间戳优化完成！
================================================================================
去重后高光点: 1, 钩子点: 8

开始生成剪辑组合（笛卡尔积: 1 × 8 = 8种组合）...
  [1] 第1集0.0s → 第4集122.1s = 536.1s (跨集) [开篇高光-关键信息被截断]
  [2] 第1集0.0s → 第5集49.1s = 672.1s (跨集) [开篇高光-情感爆发顶点]

✅ 共生成 2 个有效剪辑组合（共检查8种组合，有效率25.0%）

保存结果...

结果已保存: data/hangzhou-leiming/analysis/飒爽女友不好惹/result.json
高光点: 1
钩子点: 8
剪辑组合: 2
