/Library/Developer/CommandLineTools/Library/Frameworks/Python3.framework/Versions/3.9/lib/python3.9/runpy.py:127: RuntimeWarning: 'scripts.understand.video_understand' found in sys.modules after import of package 'scripts.understand', but prior to execution of 'scripts.understand.video_understand'; this may result in unpredictable behaviour
  warn(RuntimeWarning(msg))

==================================================
开始视频理解: 多子多福，开局就送绝美老婆
==================================================

[1/5] 理解技能文件...
技能框架加载完成

[2/5] 加载项目数据（自动检查并提取缺失数据）...
  第1集: 关键帧已加载 (262帧)
加载了 134 个ASR片段
  第1集: ASR已加载 (134片段)
  第10集: 关键帧已加载 (75帧)
加载了 36 个ASR片段
  第10集: ASR已加载 (36片段)
  第2集: 关键帧已加载 (193帧)
加载了 96 个ASR片段
  第2集: ASR已加载 (96片段)
  第3集: 关键帧已加载 (109帧)
加载了 50 个ASR片段
  第3集: ASR已加载 (50片段)
  第4集: 关键帧已加载 (63帧)
加载了 14 个ASR片段
  第4集: ASR已加载 (14片段)
  第5集: 关键帧已加载 (102帧)
加载了 47 个ASR片段
  第5集: ASR已加载 (47片段)
  第6集: 关键帧已加载 (140帧)
加载了 52 个ASR片段
  第6集: ASR已加载 (52片段)
  第7集: 关键帧已加载 (119帧)
加载了 61 个ASR片段
  第7集: ASR已加载 (61片段)
  第8集: 关键帧已加载 (118帧)
加载了 43 个ASR片段
  第8集: ASR已加载 (43片段)
  第9集: 关键帧已加载 (151帧)
加载了 75 个ASR片段
  第9集: ASR已加载 (75片段)

数据加载完成: 10集, 1332关键帧, 608ASR片段

[3/5] 提取分析片段...
第1集: 生成了11个片段
第2集: 生成了8个片段
第3集: 生成了5个片段
第4集: 生成了3个片段
第5集: 生成了5个片段
第6集: 生成了6个片段
第7集: 生成了5个片段
第8集: 生成了5个片段
第9集: 生成了7个片段
第10集: 生成了3个片段
生成了 58 个分析片段

[4/5] 逐段分析（可能需要几分钟）...
[1/58] 25-55秒: 无
[2/58] 0-30秒: 钩子:情感爆发顶点
[3/58] 50-80秒: 无
[4/58] 75-105秒: 无
[5/58] 100-130秒: 无
[6/58] 125-155秒: 无
[7/58] 175-205秒: 无
[8/58] 200-230秒: 无
[9/58] 150-180秒: 无
[10/58] 225-255秒: 无
[11/58] 250-262秒: 无
[12/58] 0-30秒: 无
[13/58] 25-55秒: 无
[14/58] 75-105秒: 钩子:情节重大转折
[15/58] 100-130秒: 无
[16/58] 50-80秒: 无
[17/58] 175-192秒: 无
[18/58] 150-180秒: 无
[19/58] 125-155秒: 无
[20/58] 50-80秒: 无
[21/58] 0-30秒: 无
[22/58] 25-55秒: 钩子:关键信息被截断
[23/58] 100-108秒: 无
[24/58] 0-30秒: 无
[25/58] 25-55秒: 无
[26/58] 50-63秒: 无
[27/58] 0-30秒: 无
[28/58] 25-55秒: 无
[29/58] 50-80秒: 无
[30/58] 75-105秒: 钩子:关键信息被截断
[31/58] 75-101秒: 无
[32/58] 100-101秒: 无
[33/58] 0-30秒: 无
[34/58] 50-80秒: 无
[35/58] 25-55秒: 无
[36/58] 75-105秒: 无
[37/58] 100-130秒: 无
[38/58] 125-140秒: 无
[39/58] 25-55秒: 无
[40/58] 0-30秒: 无
[41/58] 75-105秒: 钩子:关键信息被截断
[42/58] 50-80秒: 钩子:关键信息被截断
[43/58] 100-119秒: 无
[44/58] 25-55秒: 无
[45/58] 0-30秒: 无
[46/58] 75-105秒: 无
[47/58] 50-80秒: 钩子:关键信息被截断
[48/58] 0-30秒: 无
[49/58] 100-117秒: 无
[50/58] 50-80秒: 无
[51/58] 75-105秒: 无
[52/58] 25-55秒: 钩子:关键信息被截断
[53/58] 100-130秒: 钩子:关键信息被截断
[54/58] 125-151秒: 无
[55/58] 150-151秒: 无
[56/58] 0-30秒: 无
[57/58] 25-55秒: 无
[58/58] 50-74秒: 无
识别到 0 个高光点, 9 个钩子点

[5/5] 质量筛选...
================================================================================
开始质量筛选流程
================================================================================

[步骤1/5] 置信度筛选

置信度筛选(7.0): 58 → 9

[步骤2/5] 去重
总体去重(10秒): 移除0个标记

[步骤3/5] 类型多样性限制
  [类型限制] 第3集钩子点'关键信息被截断': 2个→1个
  [类型限制] 第7集钩子点'关键信息被截断': 2个→1个
  [类型限制] 第9集钩子点'关键信息被截断': 2个→1个

类型多样性限制(每集同类型最多1个): 移除3个标记

[步骤4/5] 动态数量限制(按时长比例)

动态数量限制(每分钟1高光+6钩子): 移除0个标记

[步骤5/5] 添加第1集开篇高光点
已添加第1集开篇高光点(0秒)

================================================================================
质量筛选完成: 58 → 7 (保留率: 12.1%)
================================================================================

筛选后: 1 个高光点, 6 个钩子点

[5.5/6] 添加固定的开篇高光点...
  第1集已有开篇高光点,跳过

生成剪辑组合...
已收集 608 个ASR片段，用于时间戳精度优化
原始高光点: 1, 钩子点: 6

[时间戳优化] 启用ASR辅助的毫秒级精度优化...

================================================================================
开始ASR辅助时间戳优化（毫秒级精度）
================================================================================
缓冲时间: 100.0ms
ASR片段数: 608

优化 6 个钩子点...
  🔧 钩子点优化: 5.0秒 → 16.180秒（+100.0ms缓冲，ASR: 'selective...'）
  🔧 钩子点优化: 77.0秒 → 81.500秒（+100.0ms缓冲，ASR: '小了...'）
  🔧 钩子点优化: 42.0秒 → 42.500秒（+100.0ms缓冲，ASR: '排息...'）
  🔧 钩子点优化: 96.0秒 → 96.500秒（+100.0ms缓冲，ASR: '父亲...'）
  🔧 钩子点优化: 54.0秒 → 55.500秒（+100.0ms缓冲，ASR: '兄者们杀成王安泽...'）
  🔧 钩子点优化: 122.0秒 → 124.500秒（+100.0ms缓冲，ASR: '小了...'）

优化 1 个高光点...
  🔧 高光点优化: 0秒 → 0.000秒（-100.0ms缓冲，ASR: '你别过来...'）

================================================================================
时间戳优化完成！
================================================================================
去重后高光点: 1, 钩子点: 6

开始生成剪辑组合（笛卡尔积: 1 × 6 = 6种组合）...
  [1] 第1集 0.0s → 第1集 16.180000000000003s = 16.180000000000003s [开篇高光-情感爆发顶点]
  [2] 第1集0.0s → 第2集81.5s = 343.5s (跨集) [开篇高光-情节重大转折]
  [3] 第1集0.0s → 第3集42.5s = 496.5s (跨集) [开篇高光-关键信息被截断]

✅ 共生成 3 个有效剪辑组合（共检查6种组合，有效率50.0%）

保存结果...

结果已保存: data/hangzhou-leiming/analysis/多子多福，开局就送绝美老婆/result.json
高光点: 1
钩子点: 6
剪辑组合: 3
