/Library/Developer/CommandLineTools/Library/Frameworks/Python3.framework/Versions/3.9/lib/python3.9/runpy.py:127: RuntimeWarning: 'scripts.understand.video_understand' found in sys.modules after import of package 'scripts.understand', but prior to execution of 'scripts.understand.video_understand'; this may result in unpredictable behaviour
  warn(RuntimeWarning(msg))

==================================================
开始视频理解: 欺我年迈抢祖宅，和贫道仙法说吧
==================================================

[1/5] 理解技能文件...
技能框架加载完成

[2/5] 加载项目数据（自动检查并提取缺失数据）...
  第1集: 关键帧已加载 (151帧)
加载了 59 个ASR片段
  第1集: ASR已加载 (59片段)
  第10集: 关键帧已加载 (119帧)
加载了 65 个ASR片段
  第10集: ASR已加载 (65片段)
  第2集: 关键帧已加载 (194帧)
加载了 73 个ASR片段
  第2集: ASR已加载 (73片段)
  第3集: 关键帧已加载 (150帧)
加载了 64 个ASR片段
  第3集: ASR已加载 (64片段)
  第4集: 关键帧已加载 (117帧)
加载了 65 个ASR片段
  第4集: ASR已加载 (65片段)
  第5集: 关键帧已加载 (119帧)
加载了 64 个ASR片段
  第5集: ASR已加载 (64片段)
  第6集: 关键帧已加载 (176帧)
加载了 92 个ASR片段
  第6集: ASR已加载 (92片段)
  第7集: 关键帧已加载 (109帧)
加载了 46 个ASR片段
  第7集: ASR已加载 (46片段)
  第8集: 关键帧已加载 (133帧)
加载了 51 个ASR片段
  第8集: ASR已加载 (51片段)
  第9集: 关键帧已加载 (139帧)
加载了 51 个ASR片段
  第9集: ASR已加载 (51片段)

数据加载完成: 10集, 1407关键帧, 630ASR片段

[3/5] 提取分析片段...
第1集: 生成了7个片段
第2集: 生成了8个片段
第3集: 生成了6个片段
第4集: 生成了5个片段
第5集: 生成了5个片段
第6集: 生成了7个片段
第7集: 生成了5个片段
第8集: 生成了6个片段
第9集: 生成了6个片段
第10集: 生成了5个片段
生成了 60 个分析片段

[4/5] 逐段分析（可能需要几分钟）...
[1/60] 50-80秒: 无
[2/60] 0-30秒: 无
[3/60] 25-55秒: 无
[4/60] 75-105秒: 无
[5/60] 100-130秒: 无
[6/60] 125-151秒: 无
[7/60] 0-30秒: 无
[8/60] 150-151秒: 无
[9/60] 25-55秒: 钩子:关键信息被截断
[10/60] 75-105秒: 无
[11/60] 50-80秒: 无
[12/60] 100-130秒: 无
[13/60] 150-180秒: 无
[14/60] 125-155秒: 无
[15/60] 175-194秒: 无
[16/60] 25-55秒: 无
[17/60] 0-30秒: 无
[18/60] 75-105秒: 无
[19/60] 50-80秒: 无
[20/60] 125-150秒: 钩子:关键信息被截断
[21/60] 0-30秒: 无
[22/60] 100-130秒: 钩子:关键信息被截断
[23/60] 75-105秒: 无
[24/60] 25-55秒: 无
[25/60] 50-80秒: 无
[26/60] 25-55秒: 无
[27/60] 100-117秒: 无
[28/60] 50-80秒: 无
[29/60] 0-30秒: 无
[30/60] 100-119秒: 无
[31/60] 75-105秒: 无
[32/60] 0-30秒: 无
[33/60] 50-80秒: 无
[34/60] 25-55秒: 无
[35/60] 75-105秒: 无
[36/60] 100-130秒: 无
[37/60] 125-155秒: 无
[38/60] 150-175秒: 钩子:关键信息被截断
[39/60] 0-30秒: 无
[40/60] 25-55秒: 无
[41/60] 75-105秒: 无
[42/60] 50-80秒: 无
[43/60] 100-108秒: 无
[44/60] 0-30秒: 无
[45/60] 25-55秒: 钩子:关键信息被截断
[46/60] 50-80秒: 无
[47/60] 75-105秒: 无
[48/60] 100-130秒: 无
[49/60] 125-132秒: 无
[50/60] 25-55秒: 无
[51/60] 0-30秒: 无
[52/60] 50-80秒: 无
[53/60] 100-130秒: 无
[54/60] 75-105秒: 无
[55/60] 25-55秒: 钩子:关键信息被截断
[56/60] 125-138秒: 钩子:关键信息被截断
[57/60] 50-80秒: 无
[58/60] 0-30秒: 无
[59/60] 75-105秒: 无
[60/60] 100-119秒: 无
识别到 0 个高光点, 7 个钩子点

[5/5] 质量筛选...
================================================================================
开始质量筛选流程
================================================================================

[步骤1/5] 置信度筛选

置信度筛选(7.0): 60 → 7

[步骤2/5] 去重
总体去重(10秒): 移除0个标记

[步骤3/5] 类型多样性限制
  [类型限制] 第3集钩子点'关键信息被截断': 2个→1个

类型多样性限制(每集同类型最多1个): 移除1个标记

[步骤4/5] 动态数量限制(按时长比例)

动态数量限制(每分钟1高光+6钩子): 移除0个标记

[步骤5/5] 添加第1集开篇高光点
已添加第1集开篇高光点(0秒)

================================================================================
质量筛选完成: 60 → 7 (保留率: 11.7%)
================================================================================

筛选后: 1 个高光点, 6 个钩子点

[5.5/6] 添加固定的开篇高光点...
  第1集已有开篇高光点,跳过

生成剪辑组合...
已收集 630 个ASR片段，用于时间戳精度优化
原始高光点: 1, 钩子点: 6

[时间戳优化] 启用ASR辅助的毫秒级精度优化...

================================================================================
开始ASR辅助时间戳优化（毫秒级精度）
================================================================================
缓冲时间: 100.0ms
ASR片段数: 630

优化 6 个钩子点...
  🔧 钩子点优化: 38.0秒 → 38.100秒（+100.0ms缓冲，ASR: '是...'）
  🔧 钩子点优化: 144.0秒 → 148.100秒（+100.0ms缓冲，ASR: '阿称...'）
  🔧 钩子点优化: 163.0秒 → 178.380秒（+100.0ms缓冲，ASR: '这里是惊非的...'）
  🔧 钩子点优化: 46.0秒 → 46.100秒（+100.0ms缓冲，ASR: '初二不会向...'）
  🔧 钩子点优化: 137.0秒 → 139.100秒（+100.0ms缓冲，ASR: '你...'）
  🔧 钩子点优化: 49.0秒 → 49.100秒（+100.0ms缓冲，ASR: '只能反到我反而...'）

优化 1 个高光点...
  🔧 高光点优化: 0秒 → 0.000秒（-100.0ms缓冲，ASR: '你说我才这个事儿...'）

================================================================================
时间戳优化完成！
================================================================================
去重后高光点: 1, 钩子点: 6

开始生成剪辑组合（笛卡尔积: 1 × 6 = 6种组合）...
  [1] 第1集0.0s → 第2集38.1s = 189.1s (跨集) [开篇高光-关键信息被截断]
  [2] 第1集0.0s → 第3集148.1s = 493.1s (跨集) [开篇高光-关键信息被截断]

✅ 共生成 2 个有效剪辑组合（共检查6种组合，有效率33.3%）

保存结果...

结果已保存: data/hangzhou-leiming/analysis/欺我年迈抢祖宅，和贫道仙法说吧/result.json
高光点: 1
钩子点: 6
剪辑组合: 2
