/Library/Developer/CommandLineTools/Library/Frameworks/Python3.framework/Versions/3.9/lib/python3.9/runpy.py:127: RuntimeWarning: 'scripts.understand.video_understand' found in sys.modules after import of package 'scripts.understand', but prior to execution of 'scripts.understand.video_understand'; this may result in unpredictable behaviour
  warn(RuntimeWarning(msg))
/Users/weilingkeji/Library/Python/3.9/lib/python/site-packages/whisper/transcribe.py:132: UserWarning: FP16 is not supported on CPU; using FP32 instead
  warnings.warn("FP16 is not supported on CPU; using FP32 instead")
/Users/weilingkeji/Library/Python/3.9/lib/python/site-packages/whisper/transcribe.py:132: UserWarning: FP16 is not supported on CPU; using FP32 instead
  warnings.warn("FP16 is not supported on CPU; using FP32 instead")
/Users/weilingkeji/Library/Python/3.9/lib/python/site-packages/whisper/transcribe.py:132: UserWarning: FP16 is not supported on CPU; using FP32 instead
  warnings.warn("FP16 is not supported on CPU; using FP32 instead")
/Users/weilingkeji/Library/Python/3.9/lib/python/site-packages/whisper/transcribe.py:132: UserWarning: FP16 is not supported on CPU; using FP32 instead
  warnings.warn("FP16 is not supported on CPU; using FP32 instead")
/Users/weilingkeji/Library/Python/3.9/lib/python/site-packages/whisper/transcribe.py:132: UserWarning: FP16 is not supported on CPU; using FP32 instead
  warnings.warn("FP16 is not supported on CPU; using FP32 instead")
/Users/weilingkeji/Library/Python/3.9/lib/python/site-packages/whisper/transcribe.py:132: UserWarning: FP16 is not supported on CPU; using FP32 instead
  warnings.warn("FP16 is not supported on CPU; using FP32 instead")

==================================================
开始视频理解: 多子多福，开局就送绝美老婆
==================================================

[1/5] 理解技能文件...
技能框架加载完成

[2/5] 加载项目数据（自动检查并提取缺失数据）...
  ⚠️  第1集关键帧不存在，开始自动提取...
     提取参数: fps=1.0 (每秒1帧)
开始提取关键帧: 晓红姐-3.4剧目/多子多福，开局就送绝美老婆/1.mp4
参数: fps=1.0, quality=2
关键帧提取完成
提取了 262 帧
  ✅ 第1集关键帧提取完成 (262帧)
  ⚠️  第1集ASR不存在，开始自动转录...
     步骤1/2: 提取音频...
音频提取完成: /Users/weilingkeji/360安全云盘同步版/000-海外/01-jisi/002-HangzhouLeiming/hangzhou-leiming-AI-drama/data/hangzhou-leiming/cache/audio/多子多福，开局就送绝美老婆/1.wav
     步骤2/2: Whisper转录...
开始转录音频: /Users/weilingkeji/360安全云盘同步版/000-海外/01-jisi/002-HangzhouLeiming/hangzhou-leiming-AI-drama/data/hangzhou-leiming/cache/audio/多子多福，开局就送绝美老婆/1.wav
参数: model=tiny, language=zh
开始转录音频: /Users/weilingkeji/360安全云盘同步版/000-海外/01-jisi/002-HangzhouLeiming/hangzhou-leiming-AI-drama/data/hangzhou-leiming/cache/audio/多子多福，开局就送绝美老婆/1.wav
参数: model=tiny, language=zh
音频转录完成
加载了 134 个ASR片段
  ✅ 第1集ASR转录完成 (134片段)
  ⚠️  第10集关键帧不存在，开始自动提取...
     提取参数: fps=1.0 (每秒1帧)
开始提取关键帧: 晓红姐-3.4剧目/多子多福，开局就送绝美老婆/10.mp4
参数: fps=1.0, quality=2
关键帧提取完成
提取了 75 帧
  ✅ 第10集关键帧提取完成 (75帧)
  ⚠️  第10集ASR不存在，开始自动转录...
     步骤1/2: 提取音频...
音频提取完成: /Users/weilingkeji/360安全云盘同步版/000-海外/01-jisi/002-HangzhouLeiming/hangzhou-leiming-AI-drama/data/hangzhou-leiming/cache/audio/多子多福，开局就送绝美老婆/10.wav
     步骤2/2: Whisper转录...
开始转录音频: /Users/weilingkeji/360安全云盘同步版/000-海外/01-jisi/002-HangzhouLeiming/hangzhou-leiming-AI-drama/data/hangzhou-leiming/cache/audio/多子多福，开局就送绝美老婆/10.wav
参数: model=tiny, language=zh
开始转录音频: /Users/weilingkeji/360安全云盘同步版/000-海外/01-jisi/002-HangzhouLeiming/hangzhou-leiming-AI-drama/data/hangzhou-leiming/cache/audio/多子多福，开局就送绝美老婆/10.wav
参数: model=tiny, language=zh
音频转录完成
加载了 36 个ASR片段
  ✅ 第10集ASR转录完成 (36片段)
  ⚠️  第2集关键帧不存在，开始自动提取...
     提取参数: fps=1.0 (每秒1帧)
开始提取关键帧: 晓红姐-3.4剧目/多子多福，开局就送绝美老婆/2.mp4
参数: fps=1.0, quality=2
关键帧提取完成
提取了 193 帧
  ✅ 第2集关键帧提取完成 (193帧)
  ⚠️  第2集ASR不存在，开始自动转录...
     步骤1/2: 提取音频...
音频提取完成: /Users/weilingkeji/360安全云盘同步版/000-海外/01-jisi/002-HangzhouLeiming/hangzhou-leiming-AI-drama/data/hangzhou-leiming/cache/audio/多子多福，开局就送绝美老婆/2.wav
     步骤2/2: Whisper转录...
开始转录音频: /Users/weilingkeji/360安全云盘同步版/000-海外/01-jisi/002-HangzhouLeiming/hangzhou-leiming-AI-drama/data/hangzhou-leiming/cache/audio/多子多福，开局就送绝美老婆/2.wav
参数: model=tiny, language=zh
开始转录音频: /Users/weilingkeji/360安全云盘同步版/000-海外/01-jisi/002-HangzhouLeiming/hangzhou-leiming-AI-drama/data/hangzhou-leiming/cache/audio/多子多福，开局就送绝美老婆/2.wav
参数: model=tiny, language=zh
音频转录完成
加载了 96 个ASR片段
  ✅ 第2集ASR转录完成 (96片段)
  ⚠️  第3集关键帧不存在，开始自动提取...
     提取参数: fps=1.0 (每秒1帧)
开始提取关键帧: 晓红姐-3.4剧目/多子多福，开局就送绝美老婆/3.mp4
参数: fps=1.0, quality=2
关键帧提取完成
提取了 109 帧
  ✅ 第3集关键帧提取完成 (109帧)
  ⚠️  第3集ASR不存在，开始自动转录...
     步骤1/2: 提取音频...
音频提取完成: /Users/weilingkeji/360安全云盘同步版/000-海外/01-jisi/002-HangzhouLeiming/hangzhou-leiming-AI-drama/data/hangzhou-leiming/cache/audio/多子多福，开局就送绝美老婆/3.wav
     步骤2/2: Whisper转录...
开始转录音频: /Users/weilingkeji/360安全云盘同步版/000-海外/01-jisi/002-HangzhouLeiming/hangzhou-leiming-AI-drama/data/hangzhou-leiming/cache/audio/多子多福，开局就送绝美老婆/3.wav
参数: model=tiny, language=zh
开始转录音频: /Users/weilingkeji/360安全云盘同步版/000-海外/01-jisi/002-HangzhouLeiming/hangzhou-leiming-AI-drama/data/hangzhou-leiming/cache/audio/多子多福，开局就送绝美老婆/3.wav
参数: model=tiny, language=zh
音频转录完成
加载了 50 个ASR片段
  ✅ 第3集ASR转录完成 (50片段)
  ⚠️  第4集关键帧不存在，开始自动提取...
     提取参数: fps=1.0 (每秒1帧)
开始提取关键帧: 晓红姐-3.4剧目/多子多福，开局就送绝美老婆/4.mp4
参数: fps=1.0, quality=2
关键帧提取完成
提取了 63 帧
  ✅ 第4集关键帧提取完成 (63帧)
  ⚠️  第4集ASR不存在，开始自动转录...
     步骤1/2: 提取音频...
音频提取完成: /Users/weilingkeji/360安全云盘同步版/000-海外/01-jisi/002-HangzhouLeiming/hangzhou-leiming-AI-drama/data/hangzhou-leiming/cache/audio/多子多福，开局就送绝美老婆/4.wav
     步骤2/2: Whisper转录...
开始转录音频: /Users/weilingkeji/360安全云盘同步版/000-海外/01-jisi/002-HangzhouLeiming/hangzhou-leiming-AI-drama/data/hangzhou-leiming/cache/audio/多子多福，开局就送绝美老婆/4.wav
参数: model=tiny, language=zh
开始转录音频: /Users/weilingkeji/360安全云盘同步版/000-海外/01-jisi/002-HangzhouLeiming/hangzhou-leiming-AI-drama/data/hangzhou-leiming/cache/audio/多子多福，开局就送绝美老婆/4.wav
参数: model=tiny, language=zh
音频转录完成
加载了 14 个ASR片段
  ✅ 第4集ASR转录完成 (14片段)
  ⚠️  第5集关键帧不存在，开始自动提取...
     提取参数: fps=1.0 (每秒1帧)
开始提取关键帧: 晓红姐-3.4剧目/多子多福，开局就送绝美老婆/5.mp4
参数: fps=1.0, quality=2
关键帧提取完成
提取了 102 帧
  ✅ 第5集关键帧提取完成 (102帧)
  ⚠️  第5集ASR不存在，开始自动转录...
     步骤1/2: 提取音频...
音频提取完成: /Users/weilingkeji/360安全云盘同步版/000-海外/01-jisi/002-HangzhouLeiming/hangzhou-leiming-AI-drama/data/hangzhou-leiming/cache/audio/多子多福，开局就送绝美老婆/5.wav
     步骤2/2: Whisper转录...
开始转录音频: /Users/weilingkeji/360安全云盘同步版/000-海外/01-jisi/002-HangzhouLeiming/hangzhou-leiming-AI-drama/data/hangzhou-leiming/cache/audio/多子多福，开局就送绝美老婆/5.wav
参数: model=tiny, language=zh
开始转录音频: /Users/weilingkeji/360安全云盘同步版/000-海外/01-jisi/002-HangzhouLeiming/hangzhou-leiming-AI-drama/data/hangzhou-leiming/cache/audio/多子多福，开局就送绝美老婆/5.wav
参数: model=tiny, language=zh
音频转录完成
加载了 47 个ASR片段
  ✅ 第5集ASR转录完成 (47片段)
  ⚠️  第6集关键帧不存在，开始自动提取...
     提取参数: fps=1.0 (每秒1帧)
开始提取关键帧: 晓红姐-3.4剧目/多子多福，开局就送绝美老婆/6.mp4
参数: fps=1.0, quality=2
关键帧提取完成
提取了 140 帧
  ✅ 第6集关键帧提取完成 (140帧)
  ⚠️  第6集ASR不存在，开始自动转录...
     步骤1/2: 提取音频...
音频提取完成: /Users/weilingkeji/360安全云盘同步版/000-海外/01-jisi/002-HangzhouLeiming/hangzhou-leiming-AI-drama/data/hangzhou-leiming/cache/audio/多子多福，开局就送绝美老婆/6.wav
     步骤2/2: Whisper转录...
/Users/weilingkeji/Library/Python/3.9/lib/python/site-packages/whisper/transcribe.py:132: UserWarning: FP16 is not supported on CPU; using FP32 instead
  warnings.warn("FP16 is not supported on CPU; using FP32 instead")
/Users/weilingkeji/Library/Python/3.9/lib/python/site-packages/whisper/transcribe.py:132: UserWarning: FP16 is not supported on CPU; using FP32 instead
  warnings.warn("FP16 is not supported on CPU; using FP32 instead")
/Users/weilingkeji/Library/Python/3.9/lib/python/site-packages/whisper/transcribe.py:132: UserWarning: FP16 is not supported on CPU; using FP32 instead
  warnings.warn("FP16 is not supported on CPU; using FP32 instead")
/Users/weilingkeji/Library/Python/3.9/lib/python/site-packages/whisper/transcribe.py:132: UserWarning: FP16 is not supported on CPU; using FP32 instead
  warnings.warn("FP16 is not supported on CPU; using FP32 instead")
开始转录音频: /Users/weilingkeji/360安全云盘同步版/000-海外/01-jisi/002-HangzhouLeiming/hangzhou-leiming-AI-drama/data/hangzhou-leiming/cache/audio/多子多福，开局就送绝美老婆/6.wav
参数: model=tiny, language=zh
开始转录音频: /Users/weilingkeji/360安全云盘同步版/000-海外/01-jisi/002-HangzhouLeiming/hangzhou-leiming-AI-drama/data/hangzhou-leiming/cache/audio/多子多福，开局就送绝美老婆/6.wav
参数: model=tiny, language=zh
音频转录完成
加载了 52 个ASR片段
  ✅ 第6集ASR转录完成 (52片段)
  ⚠️  第7集关键帧不存在，开始自动提取...
     提取参数: fps=1.0 (每秒1帧)
开始提取关键帧: 晓红姐-3.4剧目/多子多福，开局就送绝美老婆/7.mp4
参数: fps=1.0, quality=2
关键帧提取完成
提取了 119 帧
  ✅ 第7集关键帧提取完成 (119帧)
  ⚠️  第7集ASR不存在，开始自动转录...
     步骤1/2: 提取音频...
音频提取完成: /Users/weilingkeji/360安全云盘同步版/000-海外/01-jisi/002-HangzhouLeiming/hangzhou-leiming-AI-drama/data/hangzhou-leiming/cache/audio/多子多福，开局就送绝美老婆/7.wav
     步骤2/2: Whisper转录...
开始转录音频: /Users/weilingkeji/360安全云盘同步版/000-海外/01-jisi/002-HangzhouLeiming/hangzhou-leiming-AI-drama/data/hangzhou-leiming/cache/audio/多子多福，开局就送绝美老婆/7.wav
参数: model=tiny, language=zh
开始转录音频: /Users/weilingkeji/360安全云盘同步版/000-海外/01-jisi/002-HangzhouLeiming/hangzhou-leiming-AI-drama/data/hangzhou-leiming/cache/audio/多子多福，开局就送绝美老婆/7.wav
参数: model=tiny, language=zh
音频转录完成
加载了 61 个ASR片段
  ✅ 第7集ASR转录完成 (61片段)
  ⚠️  第8集关键帧不存在，开始自动提取...
     提取参数: fps=1.0 (每秒1帧)
开始提取关键帧: 晓红姐-3.4剧目/多子多福，开局就送绝美老婆/8.mp4
参数: fps=1.0, quality=2
关键帧提取完成
提取了 118 帧
  ✅ 第8集关键帧提取完成 (118帧)
  ⚠️  第8集ASR不存在，开始自动转录...
     步骤1/2: 提取音频...
音频提取完成: /Users/weilingkeji/360安全云盘同步版/000-海外/01-jisi/002-HangzhouLeiming/hangzhou-leiming-AI-drama/data/hangzhou-leiming/cache/audio/多子多福，开局就送绝美老婆/8.wav
     步骤2/2: Whisper转录...
开始转录音频: /Users/weilingkeji/360安全云盘同步版/000-海外/01-jisi/002-HangzhouLeiming/hangzhou-leiming-AI-drama/data/hangzhou-leiming/cache/audio/多子多福，开局就送绝美老婆/8.wav
参数: model=tiny, language=zh
开始转录音频: /Users/weilingkeji/360安全云盘同步版/000-海外/01-jisi/002-HangzhouLeiming/hangzhou-leiming-AI-drama/data/hangzhou-leiming/cache/audio/多子多福，开局就送绝美老婆/8.wav
参数: model=tiny, language=zh
音频转录完成
加载了 43 个ASR片段
  ✅ 第8集ASR转录完成 (43片段)
  ⚠️  第9集关键帧不存在，开始自动提取...
     提取参数: fps=1.0 (每秒1帧)
开始提取关键帧: 晓红姐-3.4剧目/多子多福，开局就送绝美老婆/9.mp4
参数: fps=1.0, quality=2
关键帧提取完成
提取了 151 帧
  ✅ 第9集关键帧提取完成 (151帧)
  ⚠️  第9集ASR不存在，开始自动转录...
     步骤1/2: 提取音频...
音频提取完成: /Users/weilingkeji/360安全云盘同步版/000-海外/01-jisi/002-HangzhouLeiming/hangzhou-leiming-AI-drama/data/hangzhou-leiming/cache/audio/多子多福，开局就送绝美老婆/9.wav
     步骤2/2: Whisper转录...
开始转录音频: /Users/weilingkeji/360安全云盘同步版/000-海外/01-jisi/002-HangzhouLeiming/hangzhou-leiming-AI-drama/data/hangzhou-leiming/cache/audio/多子多福，开局就送绝美老婆/9.wav
参数: model=tiny, language=zh
开始转录音频: /Users/weilingkeji/360安全云盘同步版/000-海外/01-jisi/002-HangzhouLeiming/hangzhou-leiming-AI-drama/data/hangzhou-leiming/cache/audio/多子多福，开局就送绝美老婆/9.wav
参数: model=tiny, language=zh
音频转录完成
加载了 75 个ASR片段
  ✅ 第9集ASR转录完成 (75片段)

数据加载完成: 10集, 1332关键帧, 608ASR片段

[3/5] 提取分析片段...
第1集: 生成了11个片段
第2集: 生成了9个片段
第3集: 生成了5个片段
第4集: 生成了3个片段
第5集: 生成了5个片段
第6集: 生成了6个片段
第7集: 生成了6个片段
第8集: 生成了6个片段
第9集: 生成了7个片段
第10集: 生成了4个片段
生成了 62 个分析片段

[4/5] 逐段分析（可能需要几分钟）...
[1/62] 50-80秒: 无
[2/62] 25-55秒: 无
[3/62] 0-30秒: 钩子:情感爆发顶点
[4/62] 75-105秒: 无
[5/62] 125-155秒: 无
[6/62] 100-130秒: 无
[7/62] 150-180秒: 无
[8/62] 175-205秒: 无
[9/62] 200-230秒: 无
[10/62] 250-271秒: 无
[11/62] 0-30秒: 无
[12/62] 25-55秒: 无
[13/62] 225-255秒: 无
[14/62] 100-130秒: 无
[15/62] 125-155秒: 无
[16/62] 75-105秒: 钩子:情节重大转折
[17/62] 50-80秒: 无
[18/62] 175-202秒: 无
[19/62] 200-202秒: 无
[20/62] 150-180秒: 无
[21/62] 50-80秒: 无
[22/62] 0-30秒: 无
[23/62] 75-105秒: 钩子:关键信息被截断
[24/62] 25-55秒: 钩子:关键信息被截断
[25/62] 100-118秒: 钩子:关键信息被截断
[26/62] 0-30秒: 无
[27/62] 25-55秒: 无
[28/62] 50-72秒: 无
[29/62] 0-30秒: 无
[30/62] 25-55秒: 无
[31/62] 50-80秒: 无
[32/62] 75-105秒: 无
[33/62] 100-111秒: 无
[34/62] 0-30秒: 无
[35/62] 25-55秒: 无
[36/62] 75-105秒: 无
[37/62] 50-80秒: 无
[38/62] 125-149秒: 无
[39/62] 100-130秒: 无
[40/62] 0-30秒: 无
[41/62] 25-55秒: 无
[42/62] 75-105秒: 钩子:关键信息被截断
[43/62] 125-128秒: 无
[44/62] 0-30秒: 无
[45/62] 25-55秒: 无
[46/62] 50-80秒: 钩子:关键信息被截断
[47/62] 75-105秒: 无
[48/62] 100-127秒: 无
[49/62] 125-127秒: 无
分析片段 50-80秒失败，5秒后重试...
[50/62] 0-30秒: 无
[51/62] 100-128秒: 无
[52/62] 25-55秒: 钩子:关键信息被截断
[53/62] 50-80秒: 钩子:关键信息被截断
[54/62] 50-80秒: 无
[55/62] 100-130秒: 钩子:关键信息被截断
[56/62] 125-155秒: 无
[57/62] 150-160秒: 无
[58/62] 25-55秒: 无
[59/62] 50-80秒: 无
[60/62] 75-84秒: 无
分析片段 75-105秒失败，5秒后重试...
分析片段 0-30秒失败，5秒后重试...
[61/62] 0-30秒: 无
分析片段 75-105秒失败，10秒后重试...
[62/62] 75-105秒: 无
识别到 0 个高光点, 10 个钩子点

[5/5] 质量筛选...
================================================================================
开始质量筛选流程
================================================================================

[步骤1/5] 置信度筛选

置信度筛选(7.0): 62 → 10

[步骤2/5] 去重
总体去重(10秒): 移除0个标记

[步骤3/5] 类型多样性限制
  [类型限制] 第3集钩子点'关键信息被截断': 3个→1个
  [类型限制] 第7集钩子点'关键信息被截断': 2个→1个
  [类型限制] 第9集钩子点'关键信息被截断': 2个→1个

类型多样性限制(每集同类型最多1个): 移除4个标记

[步骤4/5] 动态数量限制(按时长比例)

动态数量限制(每分钟1高光+6钩子): 移除0个标记

[步骤5/5] 添加第1集开篇高光点
已添加第1集开篇高光点(0秒)

================================================================================
质量筛选完成: 62 → 7 (保留率: 11.3%)
================================================================================

筛选后: 1 个高光点, 6 个钩子点

[5.5/6] 添加固定的开篇高光点...
  第1集已有开篇高光点,跳过

生成剪辑组合...
已收集 608 个ASR片段，用于时间戳精度优化
原始高光点: 1, 钩子点: 6

[时间戳优化] 启用ASR辅助的毫秒级精度优化...

================================================================================
开始ASR辅助时间戳优化（毫秒级精度）
================================================================================
缓冲时间: 100.0ms
ASR片段数: 608

优化 6 个钩子点...
  🔧 钩子点优化: 4.0秒 → 16.180秒（+100.0ms缓冲，ASR: 'selective...'）
  🔧 钩子点优化: 77.0秒 → 81.500秒（+100.0ms缓冲，ASR: '小了...'）
  🔧 钩子点优化: 44.0秒 → 44.500秒（+100.0ms缓冲，ASR: '不对...'）
  🔧 钩子点优化: 64.0秒 → 64.500秒（+100.0ms缓冲，ASR: '我可...'）
  🔧 钩子点优化: 57.0秒 → 57.500秒（+100.0ms缓冲，ASR: '亲父...'）
  🔧 钩子点优化: 121.0秒 → 121.500秒（+100.0ms缓冲，ASR: '小子...'）

优化 1 个高光点...
  🔧 高光点优化: 0秒 → 0.000秒（-100.0ms缓冲，ASR: '你别过来...'）

================================================================================
时间戳优化完成！
================================================================================
去重后高光点: 1, 钩子点: 6

开始生成剪辑组合（笛卡尔积: 1 × 6 = 6种组合）...
  [1] 第1集 0.0s → 第1集 16.180000000000003s = 16.180000000000003s [开篇高光-情感爆发顶点]
  [2] 第1集0.0s → 第2集81.5s = 352.5s (跨集) [开篇高光-情节重大转折]
  [3] 第1集0.0s → 第3集44.5s = 517.5s (跨集) [开篇高光-关键信息被截断]

✅ 共生成 3 个有效剪辑组合（共检查6种组合，有效率50.0%）

保存结果...

结果已保存: data/hangzhou-leiming/analysis/多子多福，开局就送绝美老婆/result.json
高光点: 1
钩子点: 6
剪辑组合: 3
