/Library/Developer/CommandLineTools/Library/Frameworks/Python3.framework/Versions/3.9/lib/python3.9/runpy.py:127: RuntimeWarning: 'scripts.understand.video_understand' found in sys.modules after import of package 'scripts.understand', but prior to execution of 'scripts.understand.video_understand'; this may result in unpredictable behaviour
  warn(RuntimeWarning(msg))

==================================================
开始视频理解: 飒爽女友不好惹
==================================================

[1/5] 理解技能文件...
技能框架加载完成

[2/5] 加载项目数据（自动检查并提取缺失数据）...
  第1集: 关键帧已加载 (127帧)
加载了 29 个ASR片段
  第1集: ASR已加载 (29片段)
  第10集: 关键帧已加载 (147帧)
加载了 61 个ASR片段
  第10集: ASR已加载 (61片段)
  第2集: 关键帧已加载 (118帧)
加载了 42 个ASR片段
  第2集: ASR已加载 (42片段)
  第3集: 关键帧已加载 (142帧)
加载了 62 个ASR片段
  第3集: ASR已加载 (62片段)
  第4集: 关键帧已加载 (200帧)
加载了 98 个ASR片段
  第4集: ASR已加载 (98片段)
  第5集: 关键帧已加载 (62帧)
加载了 35 个ASR片段
  第5集: ASR已加载 (35片段)
  第6集: 关键帧已加载 (105帧)
加载了 54 个ASR片段
  第6集: ASR已加载 (54片段)
  第7集: 关键帧已加载 (119帧)
加载了 52 个ASR片段
  第7集: ASR已加载 (52片段)
  第8集: 关键帧已加载 (183帧)
加载了 71 个ASR片段
  第8集: ASR已加载 (71片段)
  第9集: 关键帧已加载 (86帧)
加载了 44 个ASR片段
  第9集: ASR已加载 (44片段)

数据加载完成: 10集, 1289关键帧, 548ASR片段

[3/5] 提取分析片段...
第1集: 生成了6个片段
第2集: 生成了5个片段
第3集: 生成了6个片段
第4集: 生成了8个片段
第5集: 生成了3个片段
第6集: 生成了5个片段
第7集: 生成了5个片段
第8集: 生成了8个片段
第9集: 生成了4个片段
第10集: 生成了6个片段
生成了 56 个分析片段

[4/5] 逐段分析（可能需要几分钟）...
[1/56] 50-80秒: 无
[2/56] 0-30秒: 无
[3/56] 25-55秒: 无
[4/56] 75-105秒: 无
[5/56] 125-126秒: 无
[6/56] 100-126秒: 无
[7/56] 0-30秒: 无
[8/56] 25-55秒: 无
[9/56] 75-105秒: 无
[10/56] 100-117秒: 无
[11/56] 50-80秒: 无
[12/56] 0-30秒: 无
[13/56] 25-55秒: 无
[14/56] 50-80秒: 无
[15/56] 75-105秒: 无
[16/56] 100-130秒: 无
[17/56] 125-142秒: 无
[18/56] 0-30秒: 无
[19/56] 50-80秒: 无
[20/56] 25-55秒: 无
[21/56] 75-105秒: 无
[22/56] 125-155秒: 无
[23/56] 100-130秒: 钩子:关键信息被截断
[24/56] 150-180秒: 无
[25/56] 25-55秒: 钩子:关键信息被截断
[26/56] 50-61秒: 无
[27/56] 175-200秒: 无
[28/56] 0-30秒: 无
[29/56] 0-30秒: 无
[30/56] 25-55秒: 钩子:关键信息被截断
[31/56] 50-80秒: 钩子:关键信息被截断
[32/56] 75-105秒: 钩子:情感爆发顶点
[33/56] 100-105秒: 无
[34/56] 0-30秒: 无
[35/56] 25-55秒: 钩子:关键信息被截断
[36/56] 50-80秒: 无
[37/56] 75-105秒: 无
[38/56] 0-30秒: 钩子:关键信息被截断
[39/56] 100-118秒: 无
[40/56] 75-105秒: 钩子:关键信息被截断
[41/56] 50-80秒: 钩子:情感爆发顶点
[42/56] 25-55秒: 钩子:关键信息被截断
[43/56] 125-155秒: 无
[44/56] 100-130秒: 无
[45/56] 150-180秒: 无
[46/56] 175-182秒: 无
[47/56] 0-30秒: 无
[48/56] 25-55秒: 无
[49/56] 50-80秒: 钩子:关键信息被截断
[50/56] 0-30秒: 无
[51/56] 75-86秒: 无
[52/56] 25-55秒: 无
[53/56] 75-105秒: 钩子:关键信息被截断
[54/56] 50-80秒: 无
[55/56] 100-130秒: 无
[56/56] 125-146秒: 钩子:关键信息被截断
识别到 0 个高光点, 13 个钩子点

[5/5] 质量筛选...
================================================================================
开始质量筛选流程
================================================================================

[步骤1/5] 置信度筛选

置信度筛选(7.0): 56 → 13

[步骤2/5] 去重
  [去重] 第8集 78.0秒 (置信度7.5) 与 第8集 79.0秒 (置信度8.0) 过近，移除
第8集: 0高光+4钩子 → 0高光+3钩子 (移除1个)
总体去重(10秒): 移除1个标记

[步骤3/5] 类型多样性限制
  [类型限制] 第6集钩子点'关键信息被截断': 2个→1个
  [类型限制] 第8集钩子点'关键信息被截断': 2个→1个
  [类型限制] 第10集钩子点'关键信息被截断': 2个→1个

类型多样性限制(每集同类型最多1个): 移除3个标记

[步骤4/5] 动态数量限制(按时长比例)

动态数量限制(每分钟1高光+6钩子): 移除0个标记

[步骤5/5] 添加第1集开篇高光点
已添加第1集开篇高光点(0秒)

================================================================================
质量筛选完成: 56 → 10 (保留率: 17.9%)
================================================================================

筛选后: 1 个高光点, 9 个钩子点

[5.5/6] 添加固定的开篇高光点...
  第1集已有开篇高光点,跳过

生成剪辑组合...
已收集 548 个ASR片段，用于时间戳精度优化
原始高光点: 1, 钩子点: 9

[时间戳优化] 启用ASR辅助的毫秒级精度优化...

================================================================================
开始ASR辅助时间戳优化（毫秒级精度）
================================================================================
缓冲时间: 100.0ms
ASR片段数: 548

优化 9 个钩子点...
  🔧 钩子点优化: 121.0秒 → 122.100秒（+100.0ms缓冲，ASR: '出去...'）
  🔧 钩子点优化: 54.0秒 → 54.100秒（+100.0ms缓冲，ASR: '天父去得死了...'）
  🔧 钩子点优化: 53.0秒 → 54.100秒（+100.0ms缓冲，ASR: '天父去得死了...'）
  🔧 钩子点优化: 99.0秒 → 112.100秒（+100.0ms缓冲，ASR: '起来...'）
  🔧 钩子点优化: 45.0秒 → 46.100秒（+100.0ms缓冲，ASR: '我不想像我父亲...'）
  🔧 钩子点优化: 48.0秒 → 49.100秒（+100.0ms缓冲，ASR: '被人出买...'）
  🔧 钩子点优化: 79.0秒 → 81.100秒（+100.0ms缓冲，ASR: '请...'）
  🔧 钩子点优化: 79.0秒 → 81.100秒（+100.0ms缓冲，ASR: '请...'）
  🔧 钩子点优化: 146.0秒 → 146.100秒（+100.0ms缓冲，ASR: '六秒...'）

优化 1 个高光点...
  🔧 高光点优化: 0秒 → 0.000秒（-100.0ms缓冲，ASR: '阿姨 婚离马上开始了...'）

================================================================================
时间戳优化完成！
================================================================================
去重后高光点: 1, 钩子点: 9

开始生成剪辑组合（笛卡尔积: 1 × 9 = 9种组合）...
  [1] 第1集0.0s → 第4集122.1s = 507.1s (跨集) [开篇高光-关键信息被截断]
  [2] 第1集0.0s → 第5集54.1s = 639.1s (跨集) [开篇高光-关键信息被截断]
  [3] 第1集0.0s → 第6集54.1s = 700.1s (跨集) [开篇高光-关键信息被截断]

✅ 共生成 3 个有效剪辑组合（共检查9种组合，有效率33.3%）

保存结果...

结果已保存: data/hangzhou-leiming/analysis/飒爽女友不好惹/result.json
高光点: 1
钩子点: 9
剪辑组合: 3
