/Library/Developer/CommandLineTools/Library/Frameworks/Python3.framework/Versions/3.9/lib/python3.9/runpy.py:127: RuntimeWarning: 'scripts.understand.video_understand' found in sys.modules after import of package 'scripts.understand', but prior to execution of 'scripts.understand.video_understand'; this may result in unpredictable behaviour
  warn(RuntimeWarning(msg))

==================================================
开始视频理解: 老公成为首富那天我重生了
==================================================

[1/5] 理解技能文件...
技能框架加载完成

[2/5] 加载项目数据（自动检查并提取缺失数据）...
  第1集: 关键帧已加载 (220帧)
加载了 88 个ASR片段
  第1集: ASR已加载 (88片段)
  第10集: 关键帧已加载 (183帧)
加载了 64 个ASR片段
  第10集: ASR已加载 (64片段)
  第2集: 关键帧已加载 (155帧)
加载了 58 个ASR片段
  第2集: ASR已加载 (58片段)
  第3集: 关键帧已加载 (149帧)
加载了 56 个ASR片段
  第3集: ASR已加载 (56片段)
  第4集: 关键帧已加载 (128帧)
加载了 57 个ASR片段
  第4集: ASR已加载 (57片段)
  第5集: 关键帧已加载 (182帧)
加载了 62 个ASR片段
  第5集: ASR已加载 (62片段)
  第6集: 关键帧已加载 (115帧)
加载了 51 个ASR片段
  第6集: ASR已加载 (51片段)
  第7集: 关键帧已加载 (101帧)
加载了 42 个ASR片段
  第7集: ASR已加载 (42片段)
  第8集: 关键帧已加载 (126帧)
加载了 57 个ASR片段
  第8集: ASR已加载 (57片段)
  第9集: 关键帧已加载 (167帧)
加载了 67 个ASR片段
  第9集: ASR已加载 (67片段)

数据加载完成: 10集, 1526关键帧, 602ASR片段

[3/5] 提取分析片段...
第1集: 生成了9个片段
第2集: 生成了7个片段
第3集: 生成了6个片段
第4集: 生成了6个片段
第5集: 生成了8个片段
第6集: 生成了5个片段
第7集: 生成了5个片段
第8集: 生成了6个片段
第9集: 生成了7个片段
第10集: 生成了8个片段
生成了 67 个分析片段

[4/5] 逐段分析（可能需要几分钟）...
[1/67] 25-55秒: 无
[2/67] 50-80秒: 无
[3/67] 0-30秒: 无
[4/67] 100-130秒: 无
[5/67] 125-155秒: 无
[6/67] 75-105秒: 无
[7/67] 150-180秒: 钩子:关键信息被截断
[8/67] 200-220秒: 无
[9/67] 175-205秒: 无
[10/67] 25-55秒: 无
[11/67] 0-30秒: 无
[12/67] 50-80秒: 无
[13/67] 75-105秒: 无
[14/67] 125-155秒: 无
[15/67] 100-130秒: 钩子:关键信息被截断
[16/67] 150-155秒: 无
[17/67] 0-30秒: 无
[18/67] 50-80秒: 无
[19/67] 25-55秒: 无
[20/67] 100-130秒: 钩子:关键信息被截断
[21/67] 75-105秒: 无
[22/67] 125-148秒: 无
[23/67] 0-30秒: 钩子:关键信息被截断
[24/67] 75-105秒: 钩子:情感爆发顶点
[25/67] 50-80秒: 钩子:情感爆发顶点
[26/67] 25-55秒: 无
[27/67] 125-128秒: 无
[28/67] 0-30秒: 无
[29/67] 100-128秒: 钩子:关键信息被截断
[30/67] 75-105秒: 无
[31/67] 25-55秒: 钩子:关键信息被截断
[32/67] 50-80秒: 钩子:关键信息被截断
[33/67] 100-130秒: 无
[34/67] 150-180秒: 钩子:关键信息被截断
[35/67] 125-155秒: 无
[36/67] 175-182秒: 钩子:关键信息被截断
[37/67] 0-30秒: 无
[38/67] 25-55秒: 钩子:关键信息被截断
[39/67] 50-80秒: 无
[40/67] 0-30秒: 无
[41/67] 100-115秒: 无
[42/67] 50-80秒: 无
[43/67] 25-55秒: 无
[44/67] 75-101秒: 钩子:关键信息被截断
[45/67] 100-101秒: 无
[46/67] 0-30秒: 钩子:关键信息被截断
[47/67] 25-55秒: 钩子:关键信息被截断
[48/67] 75-105秒: 无
[49/67] 100-126秒: 钩子:关键信息被截断
[50/67] 125-126秒: 无
分析片段 75-105秒失败，5秒后重试...
[51/67] 0-30秒: 无
[52/67] 25-55秒: 无
[53/67] 75-105秒: 无
[54/67] 50-80秒: 无
[55/67] 75-105秒: 无
[56/67] 100-130秒: 无
[57/67] 50-80秒: 钩子:关键信息被截断
[58/67] 150-167秒: 无
[59/67] 125-155秒: 钩子:关键信息被截断
[60/67] 0-30秒: 无
[61/67] 50-80秒: 无
[62/67] 75-105秒: 无
[63/67] 100-130秒: 无
[64/67] 125-155秒: 无
[65/67] 175-182秒: 无
[66/67] 150-180秒: 无
分析片段 25-55秒失败，5秒后重试...
[67/67] 25-55秒: 无
识别到 0 个高光点, 18 个钩子点

[5/5] 质量筛选...
================================================================================
开始质量筛选流程
================================================================================

[步骤1/5] 置信度筛选

置信度筛选(7.0): 67 → 18

[步骤2/5] 去重
  [去重] 第5集 179.0秒 (置信度7.5) 与 第5集 182.0秒 (置信度8.0) 过近，移除
第5集: 0高光+4钩子 → 0高光+3钩子 (移除1个)
总体去重(10秒): 移除1个标记

[步骤3/5] 类型多样性限制
  [类型限制] 第4集钩子点'关键信息被截断': 2个→1个
  [类型限制] 第4集钩子点'情感爆发顶点': 2个→1个
  [类型限制] 第5集钩子点'关键信息被截断': 3个→1个
  [类型限制] 第8集钩子点'关键信息被截断': 4个→1个

类型多样性限制(每集同类型最多1个): 移除7个标记

[步骤4/5] 动态数量限制(按时长比例)

动态数量限制(每分钟1高光+6钩子): 移除0个标记

[步骤5/5] 添加第1集开篇高光点
已添加第1集开篇高光点(0秒)

================================================================================
质量筛选完成: 67 → 11 (保留率: 16.4%)
================================================================================

筛选后: 1 个高光点, 10 个钩子点

[5.5/6] 添加固定的开篇高光点...
  第1集已有开篇高光点,跳过

生成剪辑组合...
已收集 602 个ASR片段，用于时间戳精度优化
原始高光点: 1, 钩子点: 10

[时间戳优化] 启用ASR辅助的毫秒级精度优化...

================================================================================
开始ASR辅助时间戳优化（毫秒级精度）
================================================================================
缓冲时间: 100.0ms
ASR片段数: 602

优化 10 个钩子点...
  🔧 钩子点优化: 155.0秒 → 157.260秒（+100.0ms缓冲，ASR: '否则我立可报避身王王...'）
  🔧 钩子点优化: 125.0秒 → 126.260秒（+100.0ms缓冲，ASR: '别人你接近人靠过...'）
  🔧 钩子点优化: 129.0秒 → 129.260秒（+100.0ms缓冲，ASR: '我接近过...'）
  🔧 钩子点优化: 10.0秒 → 11.180秒（+100.0ms缓冲，ASR: '我也等着跟我老婆再去千元...'）
  🔧 钩子点优化: 84.0秒 → 84.260秒（+100.0ms缓冲，ASR: '新天公司都一上手...'）
  🔧 钩子点优化: 41.0秒 → 41.460秒（+100.0ms缓冲，ASR: '都快要泡胖圍啊...'）
  🔧 钩子点优化: 41.0秒 → 41.460秒（+100.0ms缓冲，ASR: '都快要泡胖圍啊...'）
  🔧 钩子点优化: 99.0秒 → 115.260秒（+100.0ms缓冲，ASR: '她的公司成功上是当亲...'）
  🔧 钩子点优化: 6.0秒 → 7.160秒（+100.0ms缓冲，ASR: '好了...'）
  🔧 钩子点优化: 153.0秒 → 154.260秒（+100.0ms缓冲，ASR: '可千万不能主动掉马...'）

优化 1 个高光点...
  🔧 高光点优化: 0秒 → 0.000秒（-100.0ms缓冲，ASR: '你对副总的演示习惯...'）

================================================================================
时间戳优化完成！
================================================================================
去重后高光点: 1, 钩子点: 10

开始生成剪辑组合（笛卡尔积: 1 × 10 = 10种组合）...
  [1] 第1集 0.0s → 第1集 157.26s = 157.26s [开篇高光-关键信息被截断]
  [2] 第1集0.0s → 第2集126.25999999999999s = 346.26s (跨集) [开篇高光-关键信息被截断]
  [3] 第1集0.0s → 第3集129.26s = 504.26s (跨集) [开篇高光-关键信息被截断]
  [4] 第1集0.0s → 第4集11.18s = 534.18s (跨集) [开篇高光-关键信息被截断]
  [5] 第1集0.0s → 第4集84.25999999999999s = 607.26s (跨集) [开篇高光-情感爆发顶点]
  [6] 第1集0.0s → 第5集41.46s = 692.46s (跨集) [开篇高光-关键信息被截断]

✅ 共生成 6 个有效剪辑组合（共检查10种组合，有效率60.0%）

保存结果...

结果已保存: data/hangzhou-leiming/analysis/老公成为首富那天我重生了/result.json
高光点: 1
钩子点: 10
剪辑组合: 6
