
开始渲染 13 个剪辑...
输出目录: clips/休书落纸

渲染剪辑: 休书落纸_第1集0秒_第1集29秒.mp4
  起始: 第1集0秒
  结束: 第1集29秒
  时长: 29.700秒
  跨集: 否
  ❌ 渲染失败: 找不到第1集视频文件

渲染剪辑: 休书落纸_第1集0秒_第1集2分34秒.mp4
  起始: 第1集0秒
  结束: 第1集2分34秒
  时长: 154.980秒
  跨集: 否
  ❌ 渲染失败: 找不到第1集视频文件

渲染剪辑: 休书落纸_第1集0秒_第2集3分58秒.mp4
  起始: 第1集0秒
  结束: 第2集3分58秒
  时长: 238.300秒
  跨集: 是
  ❌ 渲染失败: 找不到第1集视频文件

渲染剪辑: 休书落纸_第1集0秒_第3集4分47秒.mp4
  起始: 第1集0秒
  结束: 第3集4分47秒
  时长: 287.700秒
  跨集: 是
  ❌ 渲染失败: 找不到第1集视频文件

渲染剪辑: 休书落纸_第1集0秒_第4集6分22秒.mp4
  起始: 第1集0秒
  结束: 第4集6分22秒
  时长: 382.100秒
  跨集: 是
  ❌ 渲染失败: 找不到第1集视频文件

渲染剪辑: 休书落纸_第1集0秒_第4集6分37秒.mp4
  起始: 第1集0秒
  结束: 第4集6分37秒
  时长: 397.300秒
  跨集: 是
  ❌ 渲染失败: 找不到第1集视频文件

渲染剪辑: 休书落纸_第1集0秒_第5集7分3秒.mp4
  起始: 第1集0秒
  结束: 第5集7分3秒
  时长: 423.740秒
  跨集: 是
  ❌ 渲染失败: 找不到第1集视频文件

渲染剪辑: 休书落纸_第1集0秒_第5集7分44秒.mp4
  起始: 第1集0秒
  结束: 第5集7分44秒
  时长: 464.980秒
  跨集: 是
  ❌ 渲染失败: 找不到第1集视频文件

渲染剪辑: 休书落纸_第1集0秒_第6集8分13秒.mp4
  起始: 第1集0秒
  结束: 第6集8分13秒
  时长: 493.740秒
  跨集: 是
  ❌ 渲染失败: 找不到第1集视频文件

渲染剪辑: 休书落纸_第1集0秒_第6集8分42秒.mp4
  起始: 第1集0秒
  结束: 第6集8分42秒
  时长: 522.100秒
  跨集: 是
  ❌ 渲染失败: 找不到第1集视频文件

渲染剪辑: 休书落纸_第1集0秒_第7集9分54秒.mp4
  起始: 第1集0秒
  结束: 第7集9分54秒
  时长: 594.100秒
  跨集: 是
  ❌ 渲染失败: 找不到第1集视频文件

渲染剪辑: 休书落纸_第1集0秒_第8集10分21秒.mp4
  起始: 第1集0秒
  结束: 第8集10分21秒
  时长: 621.900秒
  跨集: 是
  ❌ 渲染失败: 找不到第1集视频文件

渲染剪辑: 休书落纸_第1集0秒_第9集11分46秒.mp4
  起始: 第1集0秒
  结束: 第9集11分46秒
  时长: 706.660秒
  跨集: 是
  ❌ 渲染失败: 找不到第1集视频文件

✅ 渲染完成: 0/13个剪辑


完成！输出文件:
