
开始渲染 20 个剪辑...
输出目录: clips/不晚忘忧

渲染剪辑: 不晚忘忧_第1集0秒_第1集1分18秒.mp4
  起始: 第1集0秒
  结束: 第1集1分18秒
  时长: 78.660秒
  跨集: 否
  ❌ 渲染失败: 找不到第1集视频文件

渲染剪辑: 不晚忘忧_第1集0秒_第1集7分2秒.mp4
  起始: 第1集0秒
  结束: 第1集7分2秒
  时长: 422.260秒
  跨集: 否
  ❌ 渲染失败: 找不到第1集视频文件

渲染剪辑: 不晚忘忧_第1集0秒_第1集9分57秒.mp4
  起始: 第1集0秒
  结束: 第1集9分57秒
  时长: 597.140秒
  跨集: 否
  ❌ 渲染失败: 找不到第1集视频文件

渲染剪辑: 不晚忘忧_第1集0秒_第2集11分41秒.mp4
  起始: 第1集0秒
  结束: 第2集11分41秒
  时长: 701.460秒
  跨集: 是
  ❌ 渲染失败: 找不到第1集视频文件

渲染剪辑: 不晚忘忧_第1集1分1秒_第1集1分18秒.mp4
  起始: 第1集1分1秒
  结束: 第1集1分18秒
  时长: 17.280秒
  跨集: 否
  ❌ 渲染失败: 找不到第1集视频文件

渲染剪辑: 不晚忘忧_第1集1分1秒_第1集7分2秒.mp4
  起始: 第1集1分1秒
  结束: 第1集7分2秒
  时长: 360.880秒
  跨集: 否
  ❌ 渲染失败: 找不到第1集视频文件

渲染剪辑: 不晚忘忧_第1集1分1秒_第1集9分57秒.mp4
  起始: 第1集1分1秒
  结束: 第1集9分57秒
  时长: 535.760秒
  跨集: 否
  ❌ 渲染失败: 找不到第1集视频文件

渲染剪辑: 不晚忘忧_第1集1分1秒_第2集11分41秒.mp4
  起始: 第1集1分1秒
  结束: 第2集11分41秒
  时长: 640.080秒
  跨集: 是
  ❌ 渲染失败: 找不到第1集视频文件

渲染剪辑: 不晚忘忧_第1集1分1秒_第2集12分50秒.mp4
  起始: 第1集1分1秒
  结束: 第2集12分50秒
  时长: 708.920秒
  跨集: 是
  ❌ 渲染失败: 找不到第1集视频文件

渲染剪辑: 不晚忘忧_第4集15分23秒_第4集15分39秒.mp4
  起始: 第4集15分23秒
  结束: 第4集15分39秒
  时长: 15.960秒
  跨集: 否
  ❌ 渲染失败: 找不到第4集视频文件

渲染剪辑: 不晚忘忧_第4集15分23秒_第5集16分51秒.mp4
  起始: 第4集15分23秒
  结束: 第5集16分51秒
  时长: 87.960秒
  跨集: 是
  ❌ 渲染失败: 找不到第4集视频文件

渲染剪辑: 不晚忘忧_第4集15分23秒_第5集17分7秒.mp4
  起始: 第4集15分23秒
  结束: 第5集17分7秒
  时长: 103.400秒
  跨集: 是
  ❌ 渲染失败: 找不到第4集视频文件

渲染剪辑: 不晚忘忧_第4集15分23秒_第6集17分45秒.mp4
  起始: 第4集15分23秒
  结束: 第6集17分45秒
  时长: 142.080秒
  跨集: 是
  ❌ 渲染失败: 找不到第4集视频文件

渲染剪辑: 不晚忘忧_第4集15分23秒_第6集18分39秒.mp4
  起始: 第4集15分23秒
  结束: 第6集18分39秒
  时长: 195.840秒
  跨集: 是
  ❌ 渲染失败: 找不到第4集视频文件

渲染剪辑: 不晚忘忧_第4集15分23秒_第7集18分56秒.mp4
  起始: 第4集15分23秒
  结束: 第7集18分56秒
  时长: 212.440秒
  跨集: 是
  ❌ 渲染失败: 找不到第4集视频文件

渲染剪辑: 不晚忘忧_第4集15分23秒_第8集20分48秒.mp4
  起始: 第4集15分23秒
  结束: 第8集20分48秒
  时长: 324.280秒
  跨集: 是
  ❌ 渲染失败: 找不到第4集视频文件

渲染剪辑: 不晚忘忧_第4集15分23秒_第9集21分35秒.mp4
  起始: 第4集15分23秒
  结束: 第9集21分35秒
  时长: 371.320秒
  跨集: 是
  ❌ 渲染失败: 找不到第4集视频文件

渲染剪辑: 不晚忘忧_第4集15分23秒_第9集22分14秒.mp4
  起始: 第4集15分23秒
  结束: 第9集22分14秒
  时长: 410.280秒
  跨集: 是
  ❌ 渲染失败: 找不到第4集视频文件

渲染剪辑: 不晚忘忧_第4集15分23秒_第10集22分53秒.mp4
  起始: 第4集15分23秒
  结束: 第10集22分53秒
  时长: 449.320秒
  跨集: 是
  ❌ 渲染失败: 找不到第4集视频文件

渲染剪辑: 不晚忘忧_第4集15分23秒_第10集23分26秒.mp4
  起始: 第4集15分23秒
  结束: 第10集23分26秒
  时长: 482.280秒
  跨集: 是
  ❌ 渲染失败: 找不到第4集视频文件

✅ 渲染完成: 0/20个剪辑


完成！输出文件:
