/Library/Developer/CommandLineTools/Library/Frameworks/Python3.framework/Versions/3.9/lib/python3.9/runpy.py:127: RuntimeWarning: 'scripts.understand.video_understand' found in sys.modules after import of package 'scripts.understand', but prior to execution of 'scripts.understand.video_understand'; this may result in unpredictable behaviour
  warn(RuntimeWarning(msg))

==================================================
开始视频理解: 雪烬梨香
==================================================

[1/5] 理解技能文件...
技能框架加载完成

[2/5] 加载项目数据（自动检查并提取缺失数据）...
  第1集: 关键帧已加载 (559帧)
加载了 424 个ASR片段
  第1集: ASR已加载 (424片段)
  第10集: 关键帧已加载 (54帧)
加载了 43 个ASR片段
  第10集: ASR已加载 (43片段)
  第2集: 关键帧已加载 (72帧)
加载了 49 个ASR片段
  第2集: ASR已加载 (49片段)
  第3集: 关键帧已加载 (62帧)
加载了 50 个ASR片段
  第3集: ASR已加载 (50片段)
  第4集: 关键帧已加载 (59帧)
加载了 22 个ASR片段
  第4集: ASR已加载 (22片段)
  第5集: 关键帧已加载 (66帧)
加载了 40 个ASR片段
  第5集: ASR已加载 (40片段)
  第6集: 关键帧已加载 (60帧)
加载了 50 个ASR片段
  第6集: ASR已加载 (50片段)
  第7集: 关键帧已加载 (58帧)
加载了 36 个ASR片段
  第7集: ASR已加载 (36片段)
加载了 48 个ASR片段
  第8集: ASR已加载 (48片段)
  第9集: 关键帧已加载 (64帧)
加载了 49 个ASR片段
  第9集: ASR已加载 (49片段)

数据加载完成: 9集, 1054关键帧, 811ASR片段

[3/5] 提取分析片段...
第1集: 生成了23个片段
第2集: 生成了4个片段
第3集: 生成了3个片段
第4集: 生成了3个片段
第5集: 生成了3个片段
第6集: 生成了3个片段
第7集: 生成了3个片段
第9集: 生成了3个片段
第10集: 生成了3个片段
生成了 48 个分析片段

[4/5] 逐段分析（可能需要几分钟）...
[1/48] 0-30秒: 无
[2/48] 50-80秒: 钩子:关键信息被截断
[3/48] 25-55秒: 高光:情节重大转折
[4/48] 100-130秒: 无
[5/48] 75-105秒: 无
[6/48] 125-155秒: 钩子:情感爆发顶点
[7/48] 150-180秒: 钩子:情节重大转折
[8/48] 175-205秒: 钩子:关键信息被截断
[9/48] 200-230秒: 无
[10/48] 225-255秒: 钩子:情感爆发顶点
[11/48] 275-305秒: 钩子:关键信息被截断
[12/48] 250-280秒: 无
[13/48] 300-330秒: 钩子:关键信息被截断
[14/48] 325-355秒: 无
[15/48] 375-405秒: 钩子:悬念结束时刻
[16/48] 400-430秒: 无
[17/48] 450-480秒: 钩子:关键信息被截断
[18/48] 425-455秒: 钩子:情节重大转折
[19/48] 475-505秒: 无
[20/48] 500-530秒: 无
[21/48] 525-555秒: 钩子:情感爆发顶点
[22/48] 550-568秒: 钩子:情感爆发顶点
[23/48] 0-30秒: 无
[24/48] 25-55秒: 无
[25/48] 50-80秒: 无
[26/48] 75-81秒: 无
[27/48] 0-30秒: 无
[28/48] 25-55秒: 无
[29/48] 350-380秒: 钩子:情节重大转折
[30/48] 50-71秒: 无
[31/48] 0-30秒: 钩子:情节重大转折
[32/48] 25-55秒: 无
[33/48] 50-68秒: 无
[34/48] 0-30秒: 钩子:关键信息被截断
[35/48] 50-75秒: 无
[36/48] 0-30秒: 钩子:关键信息被截断
[37/48] 25-55秒: 高光:情感爆发顶点
[38/48] 25-55秒: 无
[39/48] 50-69秒: 无
[40/48] 0-30秒: 钩子:情感爆发顶点
[41/48] 50-67秒: 无
[42/48] 25-55秒: 钩子:关键信息被截断
[43/48] 25-55秒: 钩子:关键信息被截断
[44/48] 0-30秒: 钩子:情感爆发顶点
[45/48] 50-73秒: 钩子:关键信息被截断
[46/48] 25-55秒: 无
[47/48] 0-30秒: 钩子:情节重大转折
[48/48] 50-63秒: 无
识别到 2 个高光点, 22 个钩子点

[5/5] 质量筛选...
================================================================================
开始质量筛选流程
================================================================================

[步骤1/5] 置信度筛选

置信度筛选(7.0): 48 → 24

[步骤2/5] 去重
  [去重] 第1集 162.0秒 (置信度8.0) 与 第1集 154.0秒 (置信度8.0) 过近，移除
第1集: 1高光+13钩子 → 1高光+12钩子 (移除1个)
  [去重] 第9集 62.0秒 (置信度8.0) 与 第9集 53.0秒 (置信度8.0) 过近，移除
第9集: 0高光+3钩子 → 0高光+2钩子 (移除1个)
总体去重(10秒): 移除2个标记

[步骤3/5] 类型多样性限制
  [类型限制] 第1集钩子点'关键信息被截断': 5个→1个
  [类型限制] 第1集钩子点'情感爆发顶点': 4个→1个
  [类型限制] 第1集钩子点'情节重大转折': 2个→1个

类型多样性限制(每集同类型最多1个): 移除8个标记

[步骤4/5] 动态数量限制(按时长比例)

动态数量限制(每分钟1高光+6钩子): 移除0个标记

[步骤5/5] 添加第1集开篇高光点
已添加第1集开篇高光点(0秒)

================================================================================
质量筛选完成: 48 → 15 (保留率: 31.2%)
================================================================================

筛选后: 3 个高光点, 12 个钩子点

[5.5/6] 添加固定的开篇高光点...
  第1集已有开篇高光点,跳过

生成剪辑组合...
已收集 811 个ASR片段，用于时间戳精度优化
原始高光点: 3, 钩子点: 12

[时间戳优化] 启用ASR辅助的毫秒级精度优化...

================================================================================
开始ASR辅助时间戳优化（毫秒级精度）
================================================================================
缓冲时间: 100.0ms
ASR片段数: 811

优化 12 个钩子点...
  🔧 钩子点优化: 75.0秒 → 75.220秒（+100.0ms缓冲，ASR: '很很咬的下去...'）
  🔧 钩子点优化: 154.0秒 → 154.220秒（+100.0ms缓冲，ASR: '誰知他經為了三個餅子將我賣了...'）
  🔧 钩子点优化: 401.0秒 → 402.620秒（+100.0ms缓冲，ASR: '我爹被冷風動的打戰的聲...'）
  🔧 钩子点优化: 452.0秒 → 453.620秒（+100.0ms缓冲，ASR: '娘倆也看著被鐵龍招子...'）
  🔧 钩子点优化: 29.0秒 → 30.020秒（+100.0ms缓冲，ASR: '沒能護主家裡最後的相活...'）
  🔧 钩子点优化: 24.0秒 → 24.540秒（+100.0ms缓冲，ASR: '被我娘賣在低地和弟弟的旁邊...'）
  🔧 钩子点优化: 24.0秒 → 24.540秒（+100.0ms缓冲，ASR: '被我娘賣在低地和弟弟的旁邊...'）
  🔧 钩子点优化: 39.0秒 → 39.620秒（+100.0ms缓冲，ASR: '用寫在自己腳下寫了一行字...'）
  🔧 钩子点优化: 23.0秒 → 24.540秒（+100.0ms缓冲，ASR: '被我娘賣在低地和弟弟的旁邊...'）
  🔧 钩子点优化: 53.0秒 → 53.220秒（+100.0ms缓冲，ASR: '你們這些下人給我記住了...'）
  🔧 钩子点优化: 16.0秒 → 17.340秒（+100.0ms缓冲，ASR: '娘看到後哭風了...'）
  🔧 钩子点优化: 26.0秒 → 26.660秒（+100.0ms缓冲，ASR: '哭乾了眼淚...'）

优化 3 个高光点...
  🔧 高光点优化: 0秒 → 0.000秒（-100.0ms缓冲，ASR: '周遇参服住他的母亲...'）
  🔧 高光点优化: 40.0秒 → 38.860秒（-100.0ms缓冲，ASR: '这一轮报雪过后...'）
  🔧 高光点优化: 34.0秒 → 33.660秒（-100.0ms缓冲，ASR: '雪是不会彻底听到...'）

================================================================================
时间戳优化完成！
================================================================================
去重后高光点: 3, 钩子点: 12

开始生成剪辑组合（笛卡尔积: 3 × 12 = 36种组合）...
  [1] 第1集 0.0s → 第1集 75.22s = 75.22s [开篇高光-关键信息被截断]
  [2] 第1集 0.0s → 第1集 154.22s = 154.22s [开篇高光-情感爆发顶点]
  [3] 第1集 0.0s → 第1集 402.62s = 402.62s [开篇高光-悬念结束时刻]
  [4] 第1集 0.0s → 第1集 453.62000000000006s = 453.62000000000006s [开篇高光-情节重大转折]
  [5] 第1集 38.86s → 第1集 75.22s = 36.36s [情节重大转折-关键信息被截断]
  [6] 第1集 38.86s → 第1集 154.22s = 115.36s [情节重大转折-情感爆发顶点]
  [7] 第1集 38.86s → 第1集 402.62s = 363.76s [情节重大转折-悬念结束时刻]
  [8] 第1集 38.86s → 第1集 453.62000000000006s = 414.76000000000005s [情节重大转折-情节重大转折]
  [9] 第1集38.86s → 第4集30.020000000000003s = 711.16s (跨集) [情节重大转折-情节重大转折]
  [10] 第5集33.660000000000004s → 第6集24.540000000000003s = 65.88s (跨集) [情感爆发顶点-关键信息被截断]
  ... (省略中间21个组合)

✅ 共生成 15 个有效剪辑组合（共检查36种组合，有效率41.7%）

保存结果...

结果已保存: data/hangzhou-leiming/analysis/雪烬梨香/result.json
高光点: 3
钩子点: 12
剪辑组合: 15
