
开始渲染 14 个剪辑...
输出目录: clips/雪烬梨香

渲染剪辑: 雪烬梨香_第1集0秒_第1集28秒.mp4
  起始: 第1集0秒
  结束: 第1集28秒
  时长: 28.020秒
  跨集: 否
  ❌ 渲染失败: 找不到第1集视频文件

渲染剪辑: 雪烬梨香_第1集0秒_第1集1分16秒.mp4
  起始: 第1集0秒
  结束: 第1集1分16秒
  时长: 76.420秒
  跨集: 否
  ❌ 渲染失败: 找不到第1集视频文件

渲染剪辑: 雪烬梨香_第1集0秒_第1集2分34秒.mp4
  起始: 第1集0秒
  结束: 第1集2分34秒
  时长: 154.220秒
  跨集: 否
  ❌ 渲染失败: 找不到第1集视频文件

渲染剪辑: 雪烬梨香_第1集0秒_第1集6分43秒.mp4
  起始: 第1集0秒
  结束: 第1集6分43秒
  时长: 403.620秒
  跨集: 否
  ❌ 渲染失败: 找不到第1集视频文件

渲染剪辑: 雪烬梨香_第1集40秒_第1集1分16秒.mp4
  起始: 第1集40秒
  结束: 第1集1分16秒
  时长: 36.360秒
  跨集: 否
  ❌ 渲染失败: 找不到第1集视频文件

渲染剪辑: 雪烬梨香_第1集40秒_第1集2分34秒.mp4
  起始: 第1集40秒
  结束: 第1集2分34秒
  时长: 114.160秒
  跨集: 否
  ❌ 渲染失败: 找不到第1集视频文件

渲染剪辑: 雪烬梨香_第1集40秒_第1集6分43秒.mp4
  起始: 第1集40秒
  结束: 第1集6分43秒
  时长: 363.560秒
  跨集: 否
  ❌ 渲染失败: 找不到第1集视频文件

渲染剪辑: 雪烬梨香_第1集40秒_第4集12分30秒.mp4
  起始: 第1集40秒
  结束: 第4集12分30秒
  时长: 709.960秒
  跨集: 是
  ❌ 渲染失败: 找不到第1集视频文件

渲染剪辑: 雪烬梨香_第5集13分43秒_第6集14分47秒.mp4
  起始: 第5集13分43秒
  结束: 第6集14分47秒
  时长: 64.440秒
  跨集: 是
  ❌ 渲染失败: 找不到第5集视频文件

渲染剪辑: 雪烬梨香_第5集13分43秒_第7集16分9秒.mp4
  起始: 第5集13分43秒
  结束: 第7集16分9秒
  时长: 146.320秒
  跨集: 是
  ❌ 渲染失败: 找不到第5集视频文件

渲染剪辑: 雪烬梨香_第5集13分43秒_第7集16分39秒.mp4
  起始: 第5集13分43秒
  结束: 第7集16分39秒
  时长: 176.320秒
  跨集: 是
  ❌ 渲染失败: 找不到第5集视频文件

渲染剪辑: 雪烬梨香_第5集13分43秒_第9集16分54秒.mp4
  起始: 第5集13分43秒
  结束: 第9集16分54秒
  时长: 191.800秒
  跨集: 是
  ❌ 渲染失败: 找不到第5集视频文件

渲染剪辑: 雪烬梨香_第5集13分43秒_第9集17分41秒.mp4
  起始: 第5集13分43秒
  结束: 第9集17分41秒
  时长: 238.520秒
  跨集: 是
  ❌ 渲染失败: 找不到第5集视频文件

渲染剪辑: 雪烬梨香_第5集13分43秒_第10集18分13秒.mp4
  起始: 第5集13分43秒
  结束: 第10集18分13秒
  时长: 270.200秒
  跨集: 是
  ❌ 渲染失败: 找不到第5集视频文件

✅ 渲染完成: 0/14个剪辑


完成！输出文件:
