
开始渲染 7 个剪辑...
输出目录: clips/恋爱综艺，匹配到心动男友

渲染剪辑: 恋爱综艺，匹配到心动男友_第1集0秒_第1集47秒.mp4
  起始: 第1集0秒
  结束: 第1集47秒
  时长: 47.940秒
  跨集: 否
  ❌ 渲染失败: 找不到第1集视频文件

渲染剪辑: 恋爱综艺，匹配到心动男友_第1集0秒_第1集1分15秒.mp4
  起始: 第1集0秒
  结束: 第1集1分15秒
  时长: 75.700秒
  跨集: 否
  ❌ 渲染失败: 找不到第1集视频文件

渲染剪辑: 恋爱综艺，匹配到心动男友_第1集0秒_第2集6分5秒.mp4
  起始: 第1集0秒
  结束: 第2集6分5秒
  时长: 365.460秒
  跨集: 是
  ❌ 渲染失败: 找不到第1集视频文件

渲染剪辑: 恋爱综艺，匹配到心动男友_第1集0秒_第3集6分33秒.mp4
  起始: 第1集0秒
  结束: 第3集6分33秒
  时长: 393.740秒
  跨集: 是
  ❌ 渲染失败: 找不到第1集视频文件

渲染剪辑: 恋爱综艺，匹配到心动男友_第1集0秒_第3集7分29秒.mp4
  起始: 第1集0秒
  结束: 第3集7分29秒
  时长: 449.820秒
  跨集: 是
  ❌ 渲染失败: 找不到第1集视频文件

渲染剪辑: 恋爱综艺，匹配到心动男友_第1集0秒_第4集8分47秒.mp4
  起始: 第1集0秒
  结束: 第4集8分47秒
  时长: 527.220秒
  跨集: 是
  ❌ 渲染失败: 找不到第1集视频文件

渲染剪辑: 恋爱综艺，匹配到心动男友_第1集0秒_第5集10分3秒.mp4
  起始: 第1集0秒
  结束: 第5集10分3秒
  时长: 603.820秒
  跨集: 是
  ❌ 渲染失败: 找不到第1集视频文件

✅ 渲染完成: 0/7个剪辑


完成！输出文件:
