/Users/weilingkeji/Library/Python/3.9/lib/python/site-packages/whisper/transcribe.py:132: UserWarning: FP16 is not supported on CPU; using FP32 instead
  warnings.warn("FP16 is not supported on CPU; using FP32 instead")
/Users/weilingkeji/Library/Python/3.9/lib/python/site-packages/whisper/transcribe.py:132: UserWarning: FP16 is not supported on CPU; using FP32 instead
  warnings.warn("FP16 is not supported on CPU; using FP32 instead")
/Users/weilingkeji/Library/Python/3.9/lib/python/site-packages/whisper/transcribe.py:132: UserWarning: FP16 is not supported on CPU; using FP32 instead
  warnings.warn("FP16 is not supported on CPU; using FP32 instead")
/Users/weilingkeji/Library/Python/3.9/lib/python/site-packages/whisper/transcribe.py:132: UserWarning: FP16 is not supported on CPU; using FP32 instead
  warnings.warn("FP16 is not supported on CPU; using FP32 instead")
/Users/weilingkeji/Library/Python/3.9/lib/python/site-packages/whisper/transcribe.py:132: UserWarning: FP16 is not supported on CPU; using FP32 instead
  warnings.warn("FP16 is not supported on CPU; using FP32 instead")
====================================================================================================
🔍 提取错误视频的ASR转录文本
====================================================================================================

====================================================================================================
视频: 多子多福，开局就送绝美老婆 / 9.mp4
期望: 有片尾
====================================================================================================
  [ASR] 加载Whisper模型 (base)...
  [ASR] 模型加载完成
  [ASR] 转录片段: 147.54s → 151.04s (时长3.50s)
  [ASR] 识别到 1 个片段
    [1] 147.54s-147.92s: 去鳳汐

ASR转录结果:
  [1] 147.54s-147.92s: "去鳳汐"

统计:
  ASR片段数: 1
  总时长: 0.38秒
  文本长度: 3字
  完整文本: "去鳳汐"

====================================================================================================
视频: 欺我年迈抢祖宅，和贫道仙法说吧 / 2.mp4
期望: 有片尾
====================================================================================================
  [ASR] 转录片段: 190.92s → 194.42s (时长3.50s)
  [ASR] 识别到 2 个片段
    [1] 191.56s-191.94s: 什么
    [2] 191.94s-193.64s: 荒贺

ASR转录结果:
  [1] 191.56s-191.94s: "什么"
  [2] 191.94s-193.64s: "荒贺"

统计:
  ASR片段数: 2
  总时长: 2.08秒
  文本长度: 5字
  完整文本: "什么 荒贺"

====================================================================================================
视频: 老公成为首富那天我重生了 / 2.mp4
期望: 有片尾
====================================================================================================
  [ASR] 转录片段: 151.63s → 155.13s (时长3.50s)
  [ASR] 识别到 2 个片段
    [1] 151.63s-152.09s: 但是
    [2] 152.63s-154.63s: 补大了

ASR转录结果:
  [1] 151.63s-152.09s: "但是"
  [2] 152.63s-154.63s: "补大了"

统计:
  ASR片段数: 2
  总时长: 3.00秒
  文本长度: 6字
  完整文本: "但是 补大了"

====================================================================================================
视频: 老公成为首富那天我重生了 / 3.mp4
期望: 有片尾
====================================================================================================
  [ASR] 转录片段: 145.34s → 148.84s (时长3.50s)
  [ASR] 识别到 2 个片段
    [1] 145.34s-146.84s: 是一種幸運
    [2] 146.84s-148.46s: 還是環境

ASR转录结果:
  [1] 145.34s-146.84s: "是一種幸運"
  [2] 146.84s-148.46s: "還是環境"

统计:
  ASR片段数: 2
  总时长: 3.12秒
  文本长度: 10字
  完整文本: "是一種幸運 還是環境"

====================================================================================================
视频: 老公成为首富那天我重生了 / 5.mp4
期望: 有片尾
====================================================================================================
  [ASR] 转录片段: 178.60s → 182.10s (时长3.50s)
  [ASR] 识别到 1 个片段
    [1] 178.60s-180.60s: 在肥肉梬 蓬auau Bürger

ASR转录结果:
  [1] 178.60s-180.60s: "在肥肉梬 蓬auau Bürger"

统计:
  ASR片段数: 1
  总时长: 2.00秒
  文本长度: 17字
  完整文本: "在肥肉梬 蓬auau Bürger"

====================================================================================================
✅ ASR文本提取完成
====================================================================================================
